940
120 89
121 91
119 88
120 88
122 92
118 89
120 87
123 93
117 90
121 86
124 94
116 91
122 85
125 95
115 92
123 84
126 96
114 93
124 83
127 97
113 94
125 82
128 98
112 95
126 81
129 99
111 96
125 80
127 80
130 98
130 100
110 97
124 79
128 79
131 97
131 101
109 98
123 78
129 78
132 96
132 102
108 99
110 99
122 77
130 77
133 95
133 103
107 100
111 100
121 76
131 76
134 94
134 104
106 101
112 101
120 75
132 75
135 93
135 105
105 102
119 74
133 74
136 92
136 106
104 103
118 73
134 73
137 91
137 107
103 102
103 104
117 72
135 72
138 90
138 108
102 101
102 105
116 71
136 71
139 89
139 108
101 100
101 106
116 70
137 71
140 108
100 99
100 107
116 69
138 71
141 108
99 98
99 108
116 68
139 71
142 108
98 97
98 109
116 67
140 71
143 108
97 96
97 110
116 66
141 71
144 109
96 95
96 111
116 65
142 71
145 110
95 94
95 112
116 64
143 71
146 111
94 93
94 113
116 63
144 71
147 112
93 92
93 114
116 62
145 71
146 113
148 113
92 114
116 61
146 71
145 114
149 114
91 113
91 114
116 60
147 70
144 115
150 115
90 114
116 59
148 69
143 116
151 115
151 116
89 114
116 58
149 68
142 117
152 114
152 117
88 114
116 57
148 67
150 67
141 118
153 113
153 118
87 114
87 115
115 56
147 66
151 66
140 119
154 112
154 119
86 114
87 116
114 55
146 65
152 65
139 120
155 111
155 120
85 114
88 117
145 64
153 64
153 66
138 121
156 110
156 121
84 114
89 118
144 63
154 63
154 67
137 122
157 109
157 122
83 114
90 119
143 62
155 62
155 68
136 123
158 108
158 123
82 114
91 120
142 61
156 61
156 69
158 124
81 114
92 121
141 60
157 60
157 70
158 125
80 114
93 122
140 59
157 59
158 60
158 71
158 126
79 114
92 123
94 123
139 58
157 58
159 60
158 127
78 114
95 124
138 57
157 57
160 60
158 128
77 113
96 125
137 56
158 56
161 60
158 129
76 112
97 126
136 55
162 61
159 130
75 111
98 127
163 62
160 131
74 110
99 128
164 63
161 132
73 109
100 129
165 64
161 133
162 133
72 108
101 130
166 65
160 134
163 134
71 108
102 131
167 66
159 135
164 135
70 108
103 132
168 67
158 136
165 136
69 108
103 133
104 131
104 133
169 68
157 137
166 137
68 108
102 134
105 130
105 134
170 69
156 138
167 138
67 108
67 109
101 135
106 129
106 135
171 68
171 70
155 139
168 139
66 107
66 110
100 136
107 128
107 136
172 67
172 71
154 140
169 140
65 106
65 111
99 137
108 127
108 137
173 66
173 72
153 141
170 141
64 105
64 112
98 138
109 126
109 138
174 65
173 73
174 73
152 142
171 142
63 104
63 113
97 139
110 125
110 139
175 64
172 74
175 74
151 143
172 143
62 103
62 114
96 140
111 124
111 140
176 63
171 75
176 75
173 143
61 102
63 102
61 115
63 115
95 141
112 123
112 141
177 62
170 76
177 76
174 143
60 101
64 101
60 116
64 116
94 142
113 122
113 142
178 61
169 77
178 77
175 143
59 100
65 100
59 117
65 117
93 143
114 143
179 60
168 78
179 78
176 143
58 99
66 99
58 117
58 118
66 118
115 143
180 59
167 79
180 79
177 144
57 98
67 98
57 116
57 119
67 119
116 143
181 58
181 59
166 80
181 80
56 97
68 97
56 115
56 120
68 120
117 143
180 57
182 58
165 81
181 81
55 96
69 96
55 114
55 121
69 121
118 143
179 56
183 58
164 82
181 82
54 95
70 95
54 113
54 122
70 122
119 143
178 55
184 58
163 83
181 83
53 94
71 94
53 123
71 123
120 143
177 54
185 58
162 84
181 84
52 93
72 93
52 124
121 143
176 53
186 58
161 85
181 85
51 92
51 125
122 143
175 52
187 58
160 86
181 86
51 91
50 126
52 126
123 143
174 51
188 58
181 87
51 90
49 127
53 127
124 143
173 50
189 58
181 88
51 89
48 128
54 128
125 143
172 49
190 58
190 59
181 89
51 88
47 128
55 129
126 143
171 48
191 58
190 60
181 90
51 87
46 128
56 130
127 143
170 47
192 58
191 61
181 91
50 86
51 86
45 128
45 129
57 131
128 143
169 46
193 58
192 62
181 92
49 87
51 85
44 128
45 130
58 132
129 144
168 45
170 45
194 58
193 63
181 93
48 88
51 84
43 128
59 133
130 145
167 44
171 44
195 58
194 64
181 94
47 89
51 83
42 128
60 134
166 43
172 43
196 58
195 65
181 95
46 90
51 82
41 128
61 135
165 42
173 42
197 58
196 66
181 96
45 91
51 81
40 128
61 136
62 136
164 41
174 41
198 58
197 67
181 97
44 92
51 80
39 128
60 137
63 137
163 40
175 40
199 58
198 68
181 98
43 93
51 79
38 128
59 138
64 138
162 39
176 39
200 58
199 69
181 99
42 94
51 78
37 128
58 139
65 139
161 38
177 38
201 57
200 70
181 100
41 95
51 77
36 127
57 140
66 140
160 37
178 37
202 56
201 71
181 101
40 96
51 76
35 126
56 141
67 141
159 36
178 36
203 55
202 72
181 102
39 97
51 75
34 125
66 142
68 142
158 35
178 35
202 54
204 54
203 73
181 103
38 98
51 74
33 124
33 126
65 143
69 143
157 34
158 34
179 34
201 53
204 53
205 55
204 74
181 104
37 99
51 73
70 143
156 34
180 35
200 52
205 52
204 75
205 75
181 105
36 100
51 72
71 144
155 34
181 36
199 51
205 76
181 106
35 101
50 71
72 145
154 34
182 37
198 50
205 77
181 107
34 102
49 71
50 70
153 34
183 38
197 49
205 78
181 108
33 103
48 71
152 34
184 39
196 48
205 79
181 109
47 71
151 34
205 80
181 110
46 71
150 34
205 81
181 111
45 71
149 34
205 82
181 112
44 71
148 34
205 83
181 113
43 71
43 72
147 34
205 84
181 114
42 70
42 73
146 34
205 85
181 115
41 69
41 74
145 34
205 86
181 116
40 68
40 75
144 34
205 87
181 117
39 67
39 76
143 34
205 88
181 118
38 66
38 77
142 34
205 89
181 119
37 65
37 78
141 34
205 90
181 120
36 64
36 79
140 34
205 91
181 121
35 63
35 80
139 34
205 92
181 122
34 62
34 81
138 34
205 93
182 123
33 61
33 82
137 34
205 94
183 124
33 60
136 34
205 95
184 125
33 59
135 34
204 96
205 96
185 126
33 58
134 34
205 97
186 127
33 57
133 34
205 98
187 128
33 56
132 34
205 99
188 129
33 55
131 34
205 100
189 130
33 54
130 34
205 101
190 131
33 53
129 34
205 102
191 132
32 52
128 34
205 103
192 133
31 51
127 34
205 104
126 34
205 105
125 34
205 106
124 34
205 107
123 34
205 108
122 34
205 109
121 34
205 110
120 34
205 111
119 34
205 112
118 34
205 113
117 34
205 114
116 34
205 115
115 34
205 116
114 34
204 117
113 34
204 118
112 34
204 119
111 34
204 120
110 34
204 121
109 34
204 122
108 34
204 123
107 34
205 124
106 34
206 125
105 34
207 126
104 34
103 34
102 34
101 34
100 34
99 34
98 34
97 34
96 34
95 34
94 34
93 34
92 34
91 34
90 34
89 34
88 34
87 34
86 34
85 34
84 34
83 34
82 34
81 34
80 34
79 34
78 34
77 34
76 34
75 34
74 34
73 34
73 35
72 34
73 36
71 34
73 37
70 34
73 38
69 34
73 39
68 34
73 40
67 34
73 41
66 34
73 42
65 34
73 43
64 34
73 44
63 34
73 45
62 35
73 46
61 36
73 47
60 35
60 37
73 48
59 34
59 38
73 49
58 39
73 50
57 40
73 51
56 41
73 52
74 52
55 42
73 53
75 53
54 43
72 54
73 54
76 54
53 44
71 55
73 55
77 55
52 45
73 56
78 56
51 46
79 57
50 47
80 58
49 46
49 48
81 59
48 45
48 49
82 60
47 44
81 61
83 61
46 45
80 62
84 62
45 46
79 63
85 63
78 64
86 64
77 65
87 63
87 65
76 66
88 62
88 66
75 67
89 61
89 67
74 68
90 60
90 68
73 69
91 59
91 69
72 70
92 58
92 70
71 71
93 57
93 71
72 72
94 56
88
31 51
33 61
33 82
33 103
33 124
33 126
45 46
45 130
47 44
48 49
48 128
50 70
50 71
51 92
54 113
56 141
59 34
65 143
69 143
71 55
71 71
71 123
72 72
72 93
72 108
72 145
73 34
73 56
91 113
92 123
93 71
93 92
93 114
93 143
94 34
94 56
112 101
113 122
114 55
114 93
114 143
115 34
115 92
116 71
130 145
134 104
135 93
136 34
136 55
136 71
136 123
137 56
138 108
139 89
142 71
151 143
157 34
157 60
157 122
158 34
158 56
158 71
158 108
158 123
160 86
172 143
177 144
178 37
179 34
181 58
181 59
181 80
181 101
181 122
184 39
192 133
196 48
198 50
204 54
204 75
204 96
204 117
205 52
205 55
205 75
205 96
205 116
207 126
