10423
332 269
331 268
330 267
329 266
328 265
327 264
326 263
325 262
324 261
324 263
326 261
323 260
323 264
327 260
322 259
322 265
328 259
321 258
321 266
329 258
320 257
320 267
330 257
319 256
319 268
331 256
318 255
318 269
332 255
318 254
317 270
333 254
318 253
316 269
333 253
334 254
318 252
315 268
333 252
335 254
318 251
314 267
333 251
336 254
318 250
313 266
333 250
337 254
318 249
312 265
333 249
338 254
317 248
311 264
332 248
339 254
316 247
310 263
331 247
340 254
309 262
341 254
308 261
308 263
342 255
307 260
307 264
343 256
306 259
306 265
344 257
305 258
305 266
345 258
304 257
304 267
346 259
303 256
303 268
347 260
302 255
302 269
348 261
302 254
301 270
302 253
300 269
302 252
299 268
302 251
298 267
302 250
297 266
302 249
296 265
301 248
295 264
294 263
293 262
292 261
292 263
291 260
291 264
290 259
290 265
289 258
289 266
288 257
288 267
287 256
287 268
286 255
286 269
285 270
284 269
283 268
282 267
281 266
280 265
279 264
278 263
277 262
276 261
276 263
275 260
275 264
274 259
274 265
273 258
273 266
272 257
272 267
271 256
271 268
270 255
270 269
269 270
268 269
267 268
266 267
265 266
264 265
263 264
262 263
261 262
260 261
260 263
259 260
259 264
258 259
258 265
257 258
257 266
256 257
256 267
255 256
255 268
254 255
254 269
254 254
253 270
254 253
252 269
254 252
251 268
254 251
250 267
254 250
249 266
254 249
248 265
254 248
247 264
254 247
246 263
254 246
245 262
254 245
244 261
244 263
254 244
243 260
243 264
255 243
242 259
242 265
256 242
241 258
241 266
240 257
240 267
239 256
239 268
238 255
238 269
238 254
237 270
238 253
236 269
238 252
235 268
238 251
234 267
238 250
233 266
238 249
232 265
238 248
231 264
238 247
230 263
238 246
229 262
238 245
228 261
228 263
239 244
227 260
227 264
240 243
226 259
226 265
241 242
225 258
225 266
224 257
224 267
223 256
223 268
222 255
222 269
222 254
221 270
222 253
220 269
222 252
219 268
222 251
218 267
222 250
217 266
222 249
216 265
222 248
215 264
222 247
214 263
222 246
213 262
223 245
212 261
212 263
224 244
211 260
211 264
225 243
210 259
210 265
226 242
209 258
209 266
208 257
208 267
207 256
207 268
206 255
206 269
206 254
205 270
206 253
204 269
206 252
203 268
206 251
202 267
206 250
201 266
206 249
200 265
206 248
199 264
206 247
198 263
207 246
197 262
208 245
196 261
196 263
209 244
195 260
195 264
210 243
194 259
194 265
211 242
193 258
193 266
192 257
192 267
191 256
191 268
190 255
190 269
190 254
189 270
190 253
188 270
190 252
187 269
190 251
186 268
190 250
185 267
190 249
184 266
189 248
183 265
188 247
182 264
187 246
189 246
181 263
186 245
190 245
180 262
180 264
185 244
191 244
179 261
179 265
184 243
192 243
178 260
178 266
183 242
193 242
177 259
177 267
182 241
194 241
176 258
176 268
181 240
195 240
175 257
175 269
181 239
196 239
174 256
174 270
181 238
173 271
181 237
172 270
181 236
171 269
181 235
170 268
181 234
169 267
181 233
168 266
181 232
167 265
181 231
166 264
181 230
165 263
181 229
164 262
164 264
181 228
163 261
163 265
181 227
162 260
162 266
181 226
161 259
161 267
180 225
182 225
160 258
160 268
183 224
159 257
159 269
184 223
158 256
158 270
185 222
158 255
157 271
186 221
158 254
156 271
187 220
158 253
155 271
188 219
158 252
154 271
189 218
189 219
158 251
153 271
190 217
190 220
158 250
152 271
191 216
191 221
158 249
151 270
192 215
192 222
158 248
150 269
193 214
193 223
158 247
149 268
194 213
194 224
158 246
148 267
148 269
195 212
195 225
158 245
147 266
147 270
195 211
158 244
146 265
146 271
195 210
157 243
145 264
145 272
195 209
156 242
144 263
144 273
195 208
155 241
143 262
143 274
144 274
194 207
155 240
142 261
142 275
145 275
193 206
155 239
141 276
146 276
192 205
155 238
147 277
191 204
192 204
155 237
148 278
190 203
193 203
155 236
147 279
149 279
189 202
189 204
194 202
155 235
146 280
150 280
188 201
188 205
195 201
155 234
145 281
151 281
187 200
187 206
196 200
155 233
144 282
152 282
186 199
186 207
197 199
155 232
143 283
153 283
185 198
185 208
198 198
198 200
155 231
142 284
154 284
184 197
184 209
199 197
199 201
155 230
141 285
155 285
184 196
183 210
200 202
155 229
156 229
140 286
156 286
184 195
201 203
154 228
157 229
139 287
140 287
184 194
202 204
153 227
158 229
138 288
141 288
184 193
203 205
152 226
159 229
137 287
137 289
142 289
184 192
204 206
152 225
160 229
136 286
136 290
143 290
184 191
205 206
205 207
152 224
161 229
135 285
135 291
144 291
184 190
206 205
206 208
152 223
162 229
134 284
145 292
184 189
207 204
207 209
152 222
163 229
133 283
146 293
184 188
208 203
208 210
152 221
164 229
132 282
147 294
184 187
209 202
209 211
152 220
165 229
131 281
148 295
184 186
210 201
210 212
152 219
166 230
130 280
149 296
184 185
211 200
210 213
152 218
129 279
150 297
184 184
212 199
210 214
152 217
128 278
128 279
151 298
184 183
213 198
213 200
210 215
152 216
127 277
127 280
150 299
152 299
184 182
185 182
214 197
214 201
210 216
152 215
126 276
126 281
149 300
153 300
186 182
215 202
210 217
152 214
125 275
125 282
148 301
154 301
187 182
216 203
210 218
152 213
124 274
124 283
147 302
155 301
188 182
217 204
210 219
152 212
123 273
123 284
146 303
156 301
189 182
218 205
210 220
152 211
122 272
122 285
145 304
157 301
190 182
219 206
210 221
152 210
121 271
121 286
144 305
158 302
191 182
220 206
220 207
210 222
152 209
120 270
120 287
143 306
144 306
159 301
159 303
192 181
221 205
221 208
210 223
152 208
119 269
119 288
142 307
145 307
160 300
160 304
193 180
222 204
222 209
210 224
152 207
118 268
118 289
141 308
146 308
161 299
161 305
194 180
223 203
223 210
210 225
152 206
117 267
117 269
119 267
117 290
140 309
147 309
162 298
162 306
195 180
224 202
224 211
210 226
152 205
153 205
116 266
116 270
120 266
116 291
139 310
148 310
163 297
163 307
196 180
225 201
225 212
211 227
152 204
154 206
115 265
115 271
121 265
138 310
149 311
164 296
164 308
197 180
226 200
225 213
152 203
155 207
114 264
114 272
122 264
137 310
148 312
150 312
165 295
165 309
198 180
227 199
225 214
152 202
156 208
113 263
113 273
123 263
136 310
147 313
151 313
166 294
166 310
199 180
228 198
228 200
225 215
152 201
157 209
112 262
112 274
124 262
135 310
146 314
152 314
167 293
167 311
200 180
229 197
229 201
225 216
152 200
158 210
111 261
111 275
125 261
134 310
145 315
153 315
168 292
168 312
201 180
230 202
225 217
152 199
159 211
111 260
110 276
126 260
133 310
144 316
154 316
169 291
169 313
202 180
231 203
225 218
152 198
160 212
111 259
109 275
127 260
132 310
143 317
154 317
170 290
170 313
203 180
232 204
225 219
152 197
161 213
111 258
108 274
128 259
131 310
142 318
154 318
171 289
171 291
171 313
204 181
233 205
225 220
152 196
162 214
111 257
107 273
129 258
130 310
141 319
154 319
172 292
172 313
234 206
225 221
152 195
111 256
106 272
130 257
129 310
140 320
154 320
173 293
173 313
235 206
235 207
225 222
152 194
111 255
105 271
131 256
128 310
139 321
154 321
174 294
174 313
236 205
236 208
225 223
152 193
111 254
104 270
132 255
127 310
138 322
154 322
155 322
175 295
175 313
237 204
237 209
225 224
152 192
111 253
103 269
133 254
126 310
137 323
154 323
156 323
176 296
176 313
238 203
238 210
225 225
152 191
111 252
102 268
134 253
125 310
136 324
154 324
157 324
177 297
177 313
239 202
239 211
225 226
152 190
111 251
101 267
101 269
135 252
124 310
135 325
154 325
158 325
178 296
178 298
178 313
240 201
240 212
226 227
151 189
152 189
112 250
100 266
100 270
136 251
123 310
154 326
159 326
179 295
179 299
179 314
241 200
240 213
150 190
152 188
99 265
99 271
122 310
154 327
160 327
180 294
180 300
180 315
242 199
240 214
149 191
152 187
98 264
98 272
121 310
154 328
161 328
181 293
181 301
181 316
243 198
243 200
240 215
148 192
152 186
97 263
97 273
120 310
154 329
162 329
182 292
182 302
182 317
244 197
244 201
240 216
147 193
152 185
153 185
96 262
96 274
119 310
154 330
163 330
183 291
183 303
183 318
245 202
240 217
146 194
151 184
153 184
154 186
95 261
95 275
118 310
153 331
184 290
184 304
184 319
246 203
240 218
145 195
150 183
154 183
155 187
95 260
94 276
117 310
153 332
185 289
185 304
184 320
185 319
247 204
240 219
144 196
149 182
155 182
156 188
95 259
94 277
116 310
153 333
186 288
186 290
186 305
184 321
186 320
248 205
240 220
143 197
148 181
156 181
157 189
95 258
94 278
115 310
153 334
187 291
187 306
184 322
187 321
249 206
240 221
142 198
147 180
156 180
158 190
95 257
94 279
114 310
153 335
188 292
188 307
184 323
188 322
250 206
250 207
240 222
141 199
146 179
156 179
159 191
95 256
94 280
113 310
153 336
189 293
189 308
184 324
189 323
251 205
251 208
240 223
140 200
145 178
156 178
160 192
94 255
94 281
112 310
153 337
190 294
190 309
184 325
190 324
252 204
252 209
240 224
139 201
144 177
156 177
161 192
161 193
93 254
94 282
111 310
153 338
191 295
191 310
184 326
191 325
253 203
253 210
240 225
138 202
143 176
156 176
162 191
162 194
92 253
94 283
110 310
153 339
192 296
192 311
184 327
192 326
254 202
254 211
240 226
137 203
142 175
156 175
163 190
163 195
91 252
94 284
109 310
153 340
193 295
193 297
193 312
184 328
193 327
255 201
255 212
241 227
136 203
141 174
141 176
156 174
164 189
164 196
94 285
95 285
108 310
153 341
194 294
194 298
194 313
184 329
194 328
256 200
255 213
135 203
140 173
140 177
156 173
165 188
165 197
94 286
96 286
107 310
153 342
195 293
195 299
195 314
184 330
195 329
257 199
255 214
134 203
139 172
139 178
156 172
166 187
166 198
94 287
97 287
106 310
153 343
196 292
196 300
196 315
184 331
196 330
258 198
258 200
255 215
133 203
138 171
138 179
156 171
167 186
167 199
94 288
98 288
105 310
153 344
197 291
197 301
197 316
184 332
197 331
259 197
259 201
255 216
132 203
137 170
137 180
156 170
168 185
94 289
99 289
104 310
153 345
198 290
198 302
198 317
184 333
198 332
259 196
260 202
255 217
131 203
136 169
136 181
156 169
169 184
93 290
100 290
103 310
153 346
199 289
199 303
199 318
184 334
199 333
259 195
261 203
255 218
130 203
135 168
135 182
156 168
92 291
101 291
102 310
153 347
200 288
200 303
200 318
184 335
199 334
259 194
262 204
255 219
129 203
134 167
134 183
156 167
91 291
101 310
153 348
201 287
201 289
201 304
201 319
184 336
199 335
259 193
263 205
255 220
128 203
133 166
133 183
156 166
90 291
100 310
153 349
154 349
202 290
202 305
202 320
184 337
199 336
259 192
264 206
255 221
127 203
132 165
132 183
156 165
89 291
99 310
153 350
155 350
203 291
203 306
203 321
184 338
199 337
259 191
265 206
265 207
255 222
126 203
131 164
131 183
156 164
88 291
98 310
153 351
156 351
204 292
204 307
204 322
184 339
199 338
259 190
266 205
266 208
255 223
125 203
130 163
130 183
156 163
87 291
97 310
153 352
157 352
205 293
205 308
205 323
184 340
200 339
259 189
267 204
267 209
255 224
124 203
129 162
129 183
156 162
86 291
96 310
153 353
158 353
206 294
206 309
206 324
184 341
201 340
259 188
268 203
268 210
255 225
123 203
128 161
128 183
156 161
85 291
95 310
153 354
159 354
207 295
207 310
207 325
184 342
202 341
259 187
269 202
269 211
255 226
127 160
127 183
156 160
84 291
94 310
94 311
153 355
160 353
160 355
208 294
208 296
208 311
208 326
184 343
203 342
259 186
270 201
270 212
256 227
126 159
126 183
156 159
83 291
94 312
153 356
161 352
161 356
209 293
209 297
209 312
209 327
184 344
202 343
204 343
259 185
271 200
270 213
125 158
125 160
127 158
125 183
156 158
82 291
95 313
153 357
162 351
162 357
210 292
210 298
210 313
210 328
184 345
201 344
205 344
258 184
259 184
272 199
270 214
124 157
124 161
128 157
124 183
156 157
81 291
96 314
153 358
163 350
163 358
211 291
211 299
211 314
211 329
184 346
200 345
206 345
257 184
260 183
273 198
270 215
123 156
123 162
129 156
123 183
156 156
80 291
97 315
153 359
164 349
164 359
212 290
212 300
212 315
212 330
184 347
199 346
207 346
256 184
261 182
274 197
270 216
122 155
122 163
130 155
122 183
156 155
79 291
98 316
153 360
165 348
165 360
213 289
213 301
213 316
213 331
184 348
198 347
208 347
255 184
261 181
274 196
275 197
270 217
121 154
121 164
131 154
121 183
156 154
78 291
99 317
152 361
166 347
166 361
214 288
214 302
214 317
214 332
183 349
197 348
254 184
261 180
274 195
276 198
270 218
120 153
120 165
132 153
120 183
156 153
77 291
98 318
100 318
151 361
152 362
167 346
167 362
215 287
215 302
215 317
183 350
196 349
253 184
262 179
274 194
277 199
270 219
119 152
119 166
133 152
119 183
156 152
76 291
97 319
101 319
150 361
152 363
168 345
216 286
216 288
216 303
216 318
183 351
195 350
252 184
263 178
274 193
278 200
270 220
118 152
118 167
134 151
118 183
156 151
157 151
75 291
96 320
102 320
149 360
149 362
152 364
217 289
217 304
217 319
183 352
251 183
264 177
274 192
279 201
270 221
117 152
117 183
158 151
74 291
95 321
103 321
148 359
148 363
152 365
218 290
218 305
218 320
183 353
250 182
265 176
274 191
280 202
270 222
116 152
116 183
159 151
73 291
94 322
104 322
147 358
147 364
152 366
219 291
219 306
219 321
183 354
249 181
266 175
274 190
281 203
270 223
115 152
115 183
160 150
160 152
72 291
93 323
105 323
146 357
146 365
152 367
220 292
220 307
220 322
183 355
248 181
267 174
275 189
282 204
270 224
114 152
114 183
161 149
161 153
71 291
92 324
106 324
145 356
145 366
152 368
221 293
221 308
221 323
183 356
247 181
276 188
283 205
270 225
113 152
113 183
162 148
162 154
70 291
70 292
91 325
107 325
144 355
144 367
152 369
222 294
222 309
222 324
183 357
246 181
277 187
284 206
270 226
112 152
112 183
163 147
163 155
69 290
70 293
108 325
143 354
143 368
152 370
223 293
223 295
223 310
223 325
183 358
245 181
278 186
285 207
271 227
111 151
111 183
164 146
164 156
68 289
70 294
109 325
142 353
142 369
152 371
224 292
224 296
224 311
224 326
183 359
244 181
279 185
272 227
110 150
110 183
165 145
165 157
67 288
70 295
110 325
141 352
141 354
141 370
152 372
225 291
225 297
225 312
225 327
183 360
243 181
280 184
273 227
109 149
109 183
166 144
66 287
70 296
111 325
140 351
140 355
140 371
152 373
226 290
226 298
226 313
226 328
183 361
242 181
281 183
274 227
108 148
108 183
167 143
65 286
70 297
112 325
139 350
139 356
139 372
152 374
227 289
227 299
227 314
227 329
183 362
241 181
282 182
275 227
107 147
109 147
107 183
168 142
64 285
64 286
69 298
113 325
138 349
138 357
138 373
152 375
228 288
228 300
228 315
228 330
182 363
240 181
276 227
106 146
110 146
106 183
64 284
63 287
68 299
114 325
137 348
137 358
137 374
152 376
229 287
229 301
229 316
229 331
181 364
239 181
277 227
105 145
111 145
105 182
105 183
64 283
62 288
67 300
115 325
136 347
136 359
136 375
152 377
230 286
230 301
229 332
181 365
238 181
278 227
104 144
112 144
105 181
104 184
64 282
61 289
66 301
68 301
116 325
135 346
135 376
152 378
231 285
231 287
231 302
229 333
181 366
237 181
279 226
279 227
103 144
113 143
105 180
103 184
64 281
60 290
65 302
69 302
117 325
134 345
135 377
152 379
232 288
232 303
229 334
181 367
236 181
279 225
280 228
102 145
114 142
105 179
102 184
64 280
64 303
70 303
118 325
133 344
135 378
152 380
233 289
233 304
229 335
181 368
182 368
235 181
280 224
281 229
101 146
115 141
105 178
101 184
64 279
63 304
71 304
119 325
132 343
135 379
152 381
234 290
234 305
229 336
181 369
183 369
234 181
281 223
282 230
100 147
116 140
105 177
100 184
64 278
62 305
72 305
120 325
131 342
131 344
135 380
152 382
235 291
235 306
229 337
181 370
184 370
233 181
282 222
282 231
283 231
99 148
117 139
105 176
99 184
64 277
61 306
73 306
130 345
135 381
152 383
236 292
236 307
230 338
181 371
185 371
232 181
281 232
284 232
98 149
118 138
104 175
98 184
64 276
129 346
135 382
152 384
237 293
237 308
230 339
231 339
181 372
186 372
231 181
280 233
285 233
97 150
119 137
103 174
97 184
64 275
128 347
135 383
152 385
238 293
238 294
238 309
229 340
232 340
181 373
187 371
187 373
230 181
279 234
286 232
286 234
96 151
119 136
96 184
64 274
127 348
135 384
152 386
239 292
239 295
239 310
228 341
233 341
181 374
188 370
188 374
229 181
278 235
287 231
95 151
95 152
96 152
119 135
95 184
64 273
126 349
135 385
152 387
240 291
240 296
240 311
227 342
234 340
234 342
181 375
189 369
189 375
228 181
277 236
288 230
94 150
94 153
97 153
119 134
94 184
64 272
125 350
135 386
152 388
153 388
241 290
241 297
241 312
226 343
235 339
235 343
181 376
190 368
190 376
276 237
289 229
93 149
93 154
98 154
119 133
93 184
64 271
124 351
135 387
152 389
154 389
242 289
242 298
242 313
225 344
236 338
236 344
181 377
191 367
191 377
275 238
290 228
92 148
92 155
99 155
119 132
92 184
64 270
123 352
135 388
152 390
155 390
243 288
243 299
243 314
224 345
237 337
237 345
181 378
192 366
192 378
274 239
291 227
91 147
91 156
100 156
119 131
91 184
64 269
122 353
134 389
152 391
156 389
156 391
244 287
244 300
244 315
223 346
238 336
238 346
181 379
193 365
193 379
273 240
292 226
90 146
90 157
101 157
119 130
90 184
64 268
121 354
133 390
157 388
157 392
245 286
239 335
238 347
181 380
194 365
194 380
272 241
293 225
89 145
89 158
102 158
119 129
89 184
64 267
120 355
132 391
158 387
158 393
246 285
246 287
240 334
238 348
181 381
195 365
195 381
271 242
294 224
294 226
88 144
88 159
103 159
119 128
88 184
64 266
119 356
120 356
132 392
159 386
159 394
247 288
241 333
238 349
181 382
196 365
196 382
295 223
295 227
87 143
89 143
87 160
119 127
87 184
87 185
64 265
118 357
121 357
132 393
160 385
160 395
248 289
242 332
242 334
238 350
181 383
197 365
197 382
296 222
296 228
86 143
90 142
119 126
86 183
87 186
64 264
117 356
117 358
132 394
161 384
161 396
249 290
243 331
243 335
238 351
181 384
198 365
198 382
297 221
297 229
85 143
91 141
119 125
85 183
87 187
63 263
64 263
116 355
116 359
132 395
162 383
162 397
250 291
244 330
244 336
238 352
181 385
199 365
199 382
298 220
298 230
84 143
92 140
119 124
120 124
84 183
88 188
62 264
64 262
115 354
115 360
132 396
163 382
163 398
251 292
245 337
238 353
181 386
200 365
200 382
299 219
299 231
83 143
93 139
118 123
121 124
83 183
89 189
61 265
64 261
114 353
114 361
132 397
164 381
164 399
252 293
246 338
238 354
181 387
182 387
201 365
201 382
300 218
300 232
82 143
94 138
117 122
122 124
82 183
90 190
60 266
64 260
65 260
113 352
113 361
132 398
165 380
253 293
253 294
247 339
238 355
181 388
183 388
202 364
202 382
300 217
301 233
81 143
95 137
117 121
123 124
81 183
91 191
59 267
64 259
66 259
66 261
112 351
112 361
132 399
254 292
254 295
248 340
238 356
181 389
184 389
203 363
203 382
300 216
302 233
80 143
96 136
117 120
124 123
80 183
92 192
58 268
63 258
67 258
67 262
111 350
111 361
131 400
255 291
255 296
249 339
249 341
238 357
181 390
185 390
204 362
204 382
300 215
303 233
79 143
97 135
117 119
125 122
79 183
93 193
57 269
62 257
68 257
68 263
110 349
110 361
130 401
256 290
256 297
250 338
250 342
238 358
181 391
186 391
205 382
300 214
304 233
78 143
98 134
117 118
126 121
78 183
94 194
56 270
61 256
69 256
69 264
109 348
110 348
109 361
129 402
257 289
257 298
251 337
251 343
238 359
181 392
187 392
206 382
300 213
305 233
77 143
99 133
117 117
127 120
77 183
95 195
60 255
70 255
70 265
108 347
111 347
108 361
128 403
258 288
258 299
252 336
252 344
238 360
181 393
188 393
207 382
300 212
306 233
76 142
76 144
100 132
117 116
76 183
94 196
96 196
60 254
71 254
71 266
107 346
112 346
107 361
127 404
259 287
259 300
253 335
253 345
238 361
181 394
189 394
208 382
300 211
307 233
75 141
75 145
117 115
75 183
93 197
97 197
60 253
72 253
72 267
106 345
113 345
106 361
126 405
260 286
259 301
254 334
238 362
181 395
190 395
209 382
300 210
308 233
74 140
74 146
117 114
74 183
92 198
98 198
60 252
73 268
105 344
114 344
105 361
125 406
261 285
261 287
259 302
255 333
238 363
181 396
191 396
210 382
300 209
309 233
73 139
73 147
117 113
73 183
91 199
99 199
60 251
104 343
115 343
104 361
124 407
262 288
259 303
256 332
238 364
180 397
192 397
211 382
300 208
310 233
72 138
72 148
117 112
72 183
90 200
100 200
60 250
103 342
116 342
103 361
124 408
263 289
259 304
257 331
257 333
238 365
239 365
300 207
311 233
71 137
71 149
117 111
71 183
89 201
101 201
60 249
102 361
124 409
264 290
259 305
258 330
258 334
238 366
240 366
300 206
312 233
70 150
117 110
70 183
102 202
60 248
101 361
123 410
265 291
259 306
259 329
259 335
238 367
241 367
300 205
313 233
69 151
117 109
69 183
102 203
60 247
100 361
122 410
122 411
266 292
259 307
260 336
238 368
300 204
314 233
68 152
117 108
118 108
68 183
102 204
60 246
99 361
121 409
121 412
267 293
259 308
261 337
238 369
300 203
315 233
67 151
116 107
119 108
67 183
102 205
60 245
98 361
120 408
120 413
268 293
268 294
259 309
262 338
238 370
300 202
316 232
66 150
115 108
120 108
66 183
102 206
60 244
97 361
119 407
119 414
269 292
269 295
259 310
263 339
238 371
300 201
316 231
65 149
114 109
121 108
65 183
102 207
60 243
96 361
118 406
118 415
270 291
270 296
259 311
264 338
264 340
237 372
238 372
300 200
316 230
64 148
113 110
122 108
64 183
102 208
60 242
95 361
117 405
117 416
271 290
271 297
259 312
265 337
265 341
236 373
238 373
300 199
316 229
63 147
112 111
123 108
63 183
102 209
60 241
94 361
116 404
116 417
118 417
272 289
272 298
259 313
266 336
266 342
235 374
238 374
300 198
316 228
62 146
111 112
124 108
62 183
102 210
60 240
93 361
93 362
115 403
115 418
119 418
273 288
273 299
259 314
267 335
267 343
234 373
234 375
238 375
300 197
316 227
61 145
110 113
125 107
61 183
102 211
60 239
92 361
93 363
114 402
114 419
120 419
274 287
274 300
268 334
268 344
233 372
233 376
238 376
300 196
316 226
60 144
109 114
126 106
60 183
102 212
60 238
91 361
94 364
113 401
113 420
121 420
275 286
269 333
268 345
232 371
232 377
238 377
300 195
316 225
59 143
108 115
127 105
59 183
101 213
102 213
60 237
90 361
95 365
112 400
112 421
114 421
122 421
276 285
276 287
270 332
268 346
231 370
231 378
238 378
300 194
316 224
58 142
107 116
58 183
100 214
102 214
61 236
89 361
96 366
111 399
111 422
123 422
277 288
271 331
268 347
230 369
230 379
238 379
300 193
316 223
57 141
57 183
99 215
103 215
62 236
88 361
97 367
110 398
110 423
124 423
278 289
272 330
269 348
229 368
229 380
238 380
300 192
317 222
56 140
56 183
98 216
104 216
63 236
87 361
98 368
109 397
109 424
125 424
279 290
273 329
270 349
228 367
228 381
238 381
300 191
318 221
55 183
97 217
105 217
64 236
86 360
99 369
108 396
108 425
126 425
280 291
274 328
271 350
227 366
227 382
239 382
300 190
319 220
54 183
96 218
106 218
65 236
85 359
85 361
100 370
107 395
109 395
107 426
127 426
281 292
272 351
226 383
240 383
300 189
320 219
320 221
53 183
95 219
107 219
66 235
84 358
84 362
101 371
106 394
110 394
106 427
128 427
282 293
273 352
240 384
241 383
300 188
321 218
321 222
52 183
94 220
108 220
67 234
83 358
83 363
102 372
105 393
111 393
129 428
283 293
283 294
274 351
274 353
240 385
242 383
300 187
322 217
322 223
51 183
93 221
108 221
109 220
68 233
82 358
82 364
103 373
104 392
112 392
129 429
130 428
284 292
284 295
275 350
273 354
275 354
240 386
243 383
300 186
323 224
50 183
108 222
110 220
69 232
81 358
81 365
103 391
113 391
128 430
131 428
285 291
285 296
276 349
272 355
276 355
240 387
244 383
300 185
324 225
49 183
108 223
111 220
70 231
80 358
80 366
102 390
114 390
127 431
132 428
286 290
286 297
277 348
271 356
277 356
240 388
245 383
300 184
325 226
48 183
108 224
112 220
71 230
79 358
79 367
101 390
115 389
126 432
133 428
287 289
287 298
278 347
270 357
278 357
240 389
246 383
300 183
326 227
47 183
107 225
108 225
113 220
72 229
78 358
78 368
79 368
100 390
116 388
125 433
134 428
288 288
288 299
279 346
269 358
279 358
240 390
247 383
300 182
327 226
327 228
46 183
106 226
108 226
114 220
77 358
77 369
80 369
99 390
117 387
124 434
135 428
289 287
289 300
280 345
268 359
280 359
240 391
248 383
300 181
328 225
328 229
45 183
105 227
108 227
115 220
76 358
76 370
81 370
98 390
123 435
136 428
290 286
289 301
281 344
267 359
280 360
281 359
240 392
249 383
300 180
329 224
329 230
44 183
104 228
108 228
116 220
75 358
75 371
82 371
97 390
122 436
137 428
291 285
291 287
289 302
282 343
266 359
280 361
282 359
240 393
250 383
300 179
330 223
330 231
43 183
103 229
108 229
117 220
74 358
74 372
83 372
96 391
121 437
138 428
292 288
289 303
265 359
280 362
283 359
240 394
251 383
300 178
331 222
331 232
42 183
102 230
108 230
118 220
73 358
73 373
84 373
95 392
120 438
139 428
293 289
289 304
264 359
280 363
284 359
240 395
252 383
300 177
332 221
41 183
101 231
109 231
119 220
72 358
72 374
85 374
94 393
119 439
140 428
294 290
290 305
263 359
280 364
285 359
240 396
253 383
300 176
333 220
40 183
100 232
110 232
120 220
71 358
71 375
86 375
93 394
295 291
290 306
291 306
262 359
280 365
286 359
240 397
254 383
300 175
334 219
39 183
99 233
111 233
121 220
70 358
70 376
87 376
92 395
296 292
289 307
292 307
261 359
280 366
287 359
240 398
255 383
300 174
335 218
335 220
38 183
98 234
112 234
122 220
122 221
69 358
69 377
88 377
91 396
297 293
288 308
293 308
260 359
281 367
288 359
239 399
300 173
336 217
336 221
37 183
37 184
113 235
123 220
122 222
68 358
68 378
90 397
298 293
298 294
287 309
294 309
259 359
289 359
238 400
300 172
337 216
337 222
36 182
37 185
123 223
67 358
67 379
89 398
299 292
299 295
286 310
295 310
258 359
290 359
237 401
300 171
336 215
338 223
35 181
37 186
124 224
66 358
66 380
88 399
300 291
300 296
285 311
296 311
257 360
291 359
236 402
300 170
335 214
339 224
34 180
37 187
125 225
65 358
65 381
87 400
301 290
301 297
284 312
297 312
292 359
235 403
300 169
334 213
340 225
33 179
37 188
126 226
64 358
64 382
86 401
302 289
302 298
283 313
298 313
293 359
234 402
234 404
300 168
333 212
341 226
32 178
37 189
127 227
63 358
63 383
303 288
303 299
282 314
299 314
294 360
233 401
233 405
300 167
332 211
342 225
342 227
31 177
37 190
128 228
62 358
62 384
304 287
304 300
281 315
300 315
295 361
232 400
232 406
300 166
331 210
343 224
343 228
30 176
37 191
129 229
61 358
61 385
305 286
300 316
296 362
231 399
231 407
300 165
330 209
344 223
344 229
31 175
37 192
130 228
130 230
60 358
60 386
61 386
306 285
306 287
300 317
297 363
230 399
230 408
300 164
329 208
331 208
345 222
345 230
32 174
36 193
131 227
131 231
59 358
59 387
62 387
307 288
300 318
298 364
229 399
229 409
300 163
328 207
332 207
346 221
346 231
33 173
35 194
36 194
132 226
132 232
58 358
58 388
63 388
308 289
300 319
299 365
228 399
228 410
300 162
327 206
333 206
347 220
346 232
34 172
34 195
37 195
133 225
133 233
57 358
57 389
64 389
309 290
300 320
300 366
227 399
227 411
300 161
326 205
334 205
348 219
346 233
35 171
33 196
38 196
134 224
56 358
56 390
65 390
310 291
300 321
301 365
301 367
226 399
226 412
300 160
325 204
335 204
349 218
346 234
36 170
32 197
39 197
135 223
55 358
55 391
66 391
311 292
300 322
302 364
302 368
225 399
225 413
300 159
324 203
336 203
350 217
350 219
346 235
37 169
31 198
33 198
40 198
136 222
54 358
54 391
67 392
312 293
300 323
303 363
303 369
224 399
224 414
300 158
323 202
337 202
351 216
351 220
346 236
38 168
30 199
34 199
41 199
137 221
53 358
53 391
67 393
313 293
313 294
300 324
304 362
303 370
223 398
223 415
225 415
300 157
338 201
352 215
352 221
346 237
39 167
29 198
29 200
35 200
42 200
52 358
52 391
67 394
314 292
314 295
300 325
305 361
303 371
222 398
222 416
226 416
300 156
352 214
353 222
346 238
40 166
28 197
28 201
43 201
51 358
51 391
67 395
315 291
315 296
300 326
306 360
303 372
221 398
221 417
227 417
300 155
352 213
354 223
346 239
41 165
27 196
27 202
44 202
50 358
50 391
67 396
316 290
316 297
300 327
307 359
303 373
220 398
220 418
228 418
300 154
352 212
355 224
346 240
42 164
26 195
26 203
45 203
49 358
49 391
67 397
317 289
317 298
300 328
303 374
219 398
219 419
229 419
300 153
352 211
356 225
346 241
43 163
25 194
25 204
46 204
48 358
48 391
67 398
318 288
318 299
300 329
303 375
218 398
218 420
230 420
300 152
352 210
357 224
357 226
346 242
42 162
44 162
24 193
24 205
47 205
47 358
47 390
67 399
319 287
319 300
300 330
303 376
217 398
217 421
231 421
300 151
352 209
358 223
358 227
346 243
41 161
45 161
23 192
23 206
25 206
48 206
46 358
46 389
67 400
320 286
319 301
300 331
303 377
216 398
216 421
232 422
300 150
352 208
359 222
359 228
346 244
40 160
46 160
22 191
22 207
26 207
49 207
45 358
45 388
67 401
321 285
321 287
319 302
300 332
303 378
215 397
215 421
232 423
233 422
300 149
352 207
360 221
360 229
347 245
39 159
47 159
21 190
21 208
27 208
50 207
44 358
44 387
67 402
322 288
319 303
300 333
303 379
214 421
232 424
234 422
300 148
352 206
361 220
361 230
348 246
38 158
48 158
20 189
20 209
28 209
51 207
43 358
43 386
67 403
323 289
319 304
300 334
304 380
213 421
232 425
235 422
300 147
352 205
362 219
361 231
349 246
49 157
29 210
52 207
42 358
42 385
67 404
324 290
319 305
300 335
305 381
212 421
232 426
236 422
236 423
300 146
352 204
363 218
361 232
350 247
50 156
30 211
53 207
41 358
41 384
67 405
325 291
319 306
300 336
306 382
211 421
232 427
237 422
236 424
300 145
352 203
364 217
361 233
351 248
51 155
31 212
54 207
40 358
40 383
67 406
326 292
319 307
300 337
210 421
232 428
238 422
237 425
300 144
353 202
365 216
365 218
361 234
352 249
52 154
32 213
55 207
39 358
68 407
327 293
319 308
300 338
209 421
232 429
239 422
238 426
300 143
366 215
366 219
361 235
353 250
53 153
33 214
56 206
38 357
38 358
328 293
328 294
319 309
300 339
208 421
232 430
240 422
239 427
300 142
367 214
367 220
361 236
354 251
34 215
57 205
37 358
38 356
329 292
329 295
319 310
300 340
207 421
232 431
241 422
240 428
300 141
367 213
368 221
361 237
355 252
58 204
36 358
39 355
330 291
330 296
319 311
300 341
206 421
232 432
242 422
241 429
300 140
367 212
369 222
361 238
356 253
59 203
35 358
40 354
331 290
331 297
319 312
300 342
205 421
205 422
232 433
243 422
242 430
300 139
367 211
370 223
361 239
357 254
60 202
34 358
41 353
332 289
332 298
319 313
300 343
204 421
205 423
232 434
244 422
243 431
300 138
367 210
371 224
361 240
358 255
61 201
61 203
33 358
42 352
333 288
333 299
319 314
301 344
203 421
206 424
232 435
245 422
244 432
300 137
367 209
372 223
372 225
361 241
359 256
62 200
62 204
32 358
334 287
334 300
320 315
302 345
202 421
207 425
246 422
245 433
300 136
367 208
373 222
373 226
361 242
360 257
63 205
31 358
335 286
334 301
320 316
321 316
201 421
208 426
247 422
246 434
300 135
367 207
374 221
374 227
361 243
361 258
64 206
30 357
30 358
336 285
336 287
334 302
320 317
322 317
200 421
209 427
248 422
247 435
300 134
367 206
375 220
375 228
362 244
362 259
65 205
65 207
30 356
29 359
337 288
334 303
320 318
323 318
199 421
210 428
249 422
300 133
367 205
376 219
376 229
363 245
363 260
66 204
66 208
30 355
28 358
338 289
334 304
320 319
324 319
198 421
211 429
250 421
250 422
300 132
368 204
377 218
376 230
364 245
67 203
67 209
30 354
27 357
339 290
334 305
320 320
325 320
197 421
212 430
250 420
251 422
300 131
378 217
376 231
365 246
68 202
68 210
30 353
26 356
340 291
334 306
320 321
326 321
196 421
213 431
251 419
252 422
300 130
379 216
376 232
366 247
69 201
69 211
30 352
25 355
341 292
334 307
320 322
327 322
195 421
214 432
252 418
253 422
300 129
301 129
380 215
380 217
376 233
367 248
70 200
70 212
30 351
24 354
342 293
334 308
320 323
328 323
194 421
215 433
253 417
254 422
299 128
301 128
302 130
381 214
381 218
376 234
368 249
71 199
71 213
30 350
23 353
343 292
343 294
334 309
320 324
329 324
193 421
216 434
254 416
255 422
298 127
301 127
303 129
303 131
382 213
382 219
376 235
369 250
72 198
72 214
30 349
22 352
344 291
344 295
334 310
320 325
330 325
192 421
217 435
255 415
256 422
297 126
301 126
304 128
304 132
383 220
376 236
370 251
30 348
21 351
345 290
345 296
334 311
320 326
331 326
191 421
256 414
257 422
296 125
296 127
301 125
305 127
305 133
384 221
376 237
371 252
30 347
346 289
346 297
334 312
320 327
332 327
190 421
190 422
257 413
258 422
295 124
295 128
301 124
306 126
306 134
385 222
376 238
372 253
30 346
347 288
347 298
334 313
320 328
333 328
189 421
190 423
258 412
259 422
294 123
294 129
301 123
307 125
307 135
386 223
376 239
373 254
30 345
348 287
348 299
334 314
320 329
334 329
188 421
191 424
259 411
260 422
293 122
293 130
301 122
308 124
308 136
387 224
376 240
374 255
30 344
349 286
349 300
335 315
320 330
335 330
187 421
192 425
260 410
261 422
292 121
292 131
301 121
309 123
309 137
388 225
376 241
375 256
30 343
350 285
349 301
336 316
320 331
335 331
186 421
193 426
261 409
262 422
291 120
291 132
301 120
310 122
310 138
389 226
376 242
376 257
30 342
31 342
351 284
351 286
349 302
337 317
320 332
335 332
185 421
194 427
262 408
263 422
290 119
290 133
301 119
311 121
311 139
390 225
390 227
377 243
377 258
29 341
32 342
351 283
352 287
349 303
338 318
320 333
335 333
184 421
195 428
263 407
264 422
289 118
289 134
301 118
312 120
312 140
391 224
391 228
378 244
378 259
28 340
33 342
351 282
353 288
349 304
339 319
320 334
335 334
183 421
196 429
262 406
264 406
265 422
288 117
288 135
301 117
313 119
313 141
392 223
391 229
379 244
27 339
34 342
351 281
354 289
349 305
340 320
320 335
335 335
182 421
197 430
261 405
265 405
266 422
287 116
287 136
301 116
314 118
314 142
393 222
391 230
380 245
26 338
35 342
351 280
355 290
349 306
341 321
320 336
335 336
181 421
198 431
260 404
266 404
267 422
286 115
286 137
301 115
315 117
315 143
394 221
391 231
381 246
25 337
36 342
351 279
356 291
349 307
342 322
320 337
335 337
180 421
199 432
259 403
267 403
268 422
285 114
285 138
301 114
316 116
316 143
395 220
391 232
382 247
24 336
37 342
350 278
357 292
349 308
343 323
320 338
335 338
179 421
200 433
258 402
268 402
269 422
284 113
284 139
301 113
317 116
317 143
396 219
391 233
383 248
23 335
38 341
349 277
358 291
358 293
349 309
344 324
320 339
335 339
178 421
201 434
257 401
269 401
270 422
283 112
283 140
318 116
318 143
391 234
384 249
22 334
39 340
348 276
359 290
359 294
349 310
345 325
320 340
335 340
177 421
202 435
256 400
270 400
271 422
282 111
282 141
319 116
319 143
391 235
385 250
21 333
40 339
360 289
360 295
349 311
346 326
320 341
335 341
176 421
255 399
270 399
272 422
281 111
283 110
281 142
320 116
320 143
391 236
386 251
21 332
41 338
361 288
361 296
349 312
347 327
320 342
335 342
175 421
175 422
270 398
273 422
273 423
280 111
284 109
281 143
321 116
321 143
391 237
387 252
21 331
40 337
42 337
362 287
362 297
349 313
348 328
320 343
335 343
174 421
175 423
270 397
274 422
273 424
279 111
285 108
281 144
322 116
322 143
391 238
388 253
21 330
39 336
43 336
363 286
363 298
349 314
349 329
320 344
173 421
176 424
270 396
275 422
274 425
278 111
286 107
281 145
323 116
323 143
391 239
389 254
21 329
38 335
44 335
364 285
364 299
350 315
350 330
172 421
177 425
270 395
276 422
275 426
277 111
287 106
281 146
324 116
324 143
391 240
390 255
21 328
37 334
45 334
365 284
364 300
351 315
350 331
171 421
178 426
270 394
277 422
276 427
276 111
288 105
281 147
325 116
325 117
325 143
391 241
391 256
21 327
46 333
366 283
366 285
364 301
352 316
350 332
170 421
179 427
270 393
275 428
277 428
275 111
289 104
281 148
326 116
325 118
326 143
392 242
392 257
21 326
45 332
47 332
366 282
367 286
364 302
353 317
350 333
169 421
180 428
270 392
274 429
278 429
274 111
290 103
281 149
327 116
326 119
327 143
393 243
393 258
21 325
44 331
48 331
366 281
368 287
364 303
354 318
350 334
168 421
181 429
270 391
273 430
279 430
273 111
291 102
281 150
328 115
327 120
328 143
394 243
394 258
22 324
43 330
49 330
366 280
369 288
364 304
355 319
350 335
167 421
182 430
270 390
272 431
280 431
272 111
292 101
280 151
329 114
328 121
329 143
395 243
395 258
42 329
50 330
366 279
370 289
364 305
356 320
350 336
166 421
183 431
270 389
271 432
281 432
271 111
293 100
279 152
330 113
329 122
330 142
396 243
396 258
41 328
51 330
366 278
371 290
364 306
357 321
350 337
165 421
184 432
270 388
271 388
270 433
282 433
270 110
270 112
294 99
278 153
331 112
330 123
331 142
397 243
397 258
40 327
52 330
365 277
372 291
364 307
358 322
350 338
164 421
185 433
270 387
272 389
269 434
283 434
269 109
269 113
295 98
277 154
332 112
331 124
332 142
398 242
398 243
398 258
39 326
53 330
364 276
373 290
373 292
364 308
359 323
350 339
163 421
186 434
270 386
273 390
268 435
284 435
268 108
268 114
296 97
276 155
333 112
332 125
333 142
398 241
399 243
399 258
38 325
54 330
363 275
374 289
374 293
364 309
360 324
350 340
162 421
187 435
270 385
271 385
274 391
267 107
267 115
297 96
275 156
276 156
334 112
334 142
399 240
400 243
400 258
37 324
55 331
375 288
375 294
364 310
361 325
350 341
161 421
272 385
275 392
266 116
267 116
298 95
274 157
277 157
335 112
335 142
400 239
401 243
401 258
56 332
376 287
376 295
364 311
362 326
350 342
160 421
160 422
273 385
276 393
265 117
268 117
299 94
273 157
278 158
336 112
336 142
401 238
402 243
402 258
57 333
377 286
377 296
364 312
363 327
351 343
159 421
160 423
274 385
277 394
264 118
269 118
300 93
272 157
279 159
337 112
337 142
402 237
403 244
403 259
58 334
378 285
378 297
364 313
364 328
158 421
158 422
161 424
275 385
278 395
263 119
270 119
301 92
271 157
280 160
338 112
338 142
403 236
404 245
404 260
59 335
379 284
379 298
365 314
365 329
157 420
158 423
162 425
276 385
279 396
262 118
262 120
271 120
301 91
270 157
281 161
339 112
339 142
404 235
405 246
405 261
60 336
380 283
379 299
366 314
365 330
158 424
163 426
277 385
280 397
261 117
261 121
272 121
301 90
269 157
282 162
340 112
340 142
405 234
406 247
406 262
61 337
381 282
381 284
379 300
367 315
365 331
158 425
164 427
278 385
281 398
260 116
260 122
273 122
301 89
268 157
341 112
341 142
407 248
407 263
62 338
381 281
382 285
379 301
368 316
365 332
158 426
165 428
279 385
259 115
274 123
301 88
267 157
342 112
342 142
408 249
408 264
63 337
381 280
383 286
379 302
369 317
365 333
158 427
166 429
280 384
258 114
275 124
301 87
266 157
343 112
343 142
64 336
381 279
384 287
379 303
370 318
365 334
158 428
167 430
281 383
257 113
301 86
265 157
344 112
344 142
65 335
381 278
385 288
379 304
371 319
365 335
158 429
168 431
256 112
301 85
264 157
345 112
345 143
66 334
66 336
381 277
386 289
379 305
372 320
365 336
158 430
169 432
255 111
300 84
263 157
346 112
346 143
67 333
67 337
380 276
387 290
379 306
373 321
365 337
158 431
170 433
254 110
254 112
299 83
301 83
262 157
347 112
347 143
68 332
68 338
379 275
388 289
388 291
379 307
374 322
365 338
158 432
171 434
253 109
253 113
298 82
302 82
261 156
261 157
348 112
348 143
69 331
69 339
378 274
389 288
389 292
379 308
375 323
365 339
158 433
172 435
252 108
252 114
297 81
303 81
303 82
261 155
260 158
349 112
349 143
70 330
70 340
390 287
390 293
379 309
376 324
365 340
158 434
251 107
251 115
296 80
304 80
304 83
261 154
259 159
350 112
350 143
71 329
71 341
391 286
391 294
379 310
377 325
366 341
157 435
250 116
295 79
305 79
305 84
261 153
258 159
351 112
351 143
72 328
72 342
392 285
392 295
379 311
378 326
249 117
294 78
306 78
306 85
261 152
257 159
352 112
352 144
73 343
393 284
393 296
379 312
379 327
248 118
293 77
307 77
307 86
261 151
256 159
353 112
353 145
74 343
394 283
394 297
380 313
380 328
247 119
293 76
308 76
308 87
261 150
255 159
354 112
354 146
75 343
395 282
394 298
381 313
380 329
246 118
246 120
293 75
309 88
261 149
254 159
355 112
355 147
76 343
396 281
396 283
394 299
382 314
380 330
245 117
245 121
293 74
310 89
261 148
253 159
356 112
356 148
77 343
396 280
397 284
394 300
383 315
380 331
244 116
244 122
293 73
311 90
261 147
252 159
357 112
78 343
396 279
398 285
394 301
384 316
380 332
243 115
293 72
312 91
260 146
251 159
358 112
79 343
396 278
399 286
394 302
385 317
380 333
242 114
293 71
259 145
250 159
359 112
80 343
396 277
400 287
394 303
386 318
380 334
241 113
293 70
258 144
249 159
360 112
81 343
396 276
401 288
394 304
387 319
380 335
240 112
293 69
257 144
248 159
361 113
82 342
395 275
402 289
394 305
388 320
380 336
239 111
292 68
294 68
256 144
247 159
360 114
362 113
83 341
394 274
403 288
403 290
394 306
389 321
380 337
238 110
238 112
291 67
295 67
255 144
246 159
359 115
363 113
84 340
393 273
404 287
404 291
394 307
390 322
237 109
237 113
290 66
296 66
254 144
245 159
358 116
364 113
405 286
405 292
394 308
391 323
236 108
236 114
289 65
297 65
253 144
244 159
357 117
365 113
406 285
406 293
394 309
392 324
235 107
235 115
288 64
298 64
252 144
243 159
356 118
357 118
366 113
407 284
407 294
394 310
393 325
234 116
287 63
299 63
251 143
242 159
355 119
358 119
367 113
408 283
408 295
394 311
394 326
233 117
286 62
300 62
250 142
241 159
354 120
359 120
368 113
409 282
409 296
395 312
395 327
232 118
301 61
240 159
353 121
360 121
369 113
410 281
396 312
231 119
301 60
239 159
352 122
361 122
370 113
411 280
397 312
230 118
230 120
301 59
238 159
351 123
362 123
371 113
398 312
229 117
229 121
301 58
237 159
350 124
363 124
372 113
399 312
228 116
228 122
301 57
236 159
349 125
364 125
373 113
400 312
227 115
301 56
235 159
374 113
401 312
226 114
301 55
234 159
375 113
402 312
225 113
301 54
302 54
233 159
376 114
403 312
224 112
300 53
303 54
232 159
376 115
377 114
404 312
223 111
299 52
304 54
231 159
376 116
378 114
405 311
222 110
222 112
298 51
305 54
230 159
376 117
379 114
221 109
221 113
297 50
306 54
306 55
229 159
376 118
380 114
220 108
220 114
296 49
307 54
306 56
228 159
376 119
381 114
219 107
219 115
295 48
308 54
307 57
227 159
376 120
382 114
218 116
294 47
309 53
308 58
226 159
376 121
383 113
383 114
217 117
293 46
310 52
309 59
225 159
376 122
383 112
384 114
216 118
311 51
310 60
224 159
377 123
384 111
385 114
385 115
215 119
312 50
311 61
223 159
378 124
385 110
386 114
385 116
214 118
214 120
313 49
312 62
222 159
379 125
386 109
387 114
386 117
213 117
213 121
313 63
221 159
387 108
388 114
387 118
212 116
212 122
314 64
220 159
388 107
389 114
388 119
211 115
219 159
389 106
390 114
389 120
210 114
218 159
390 105
391 114
390 121
209 113
217 159
391 104
391 122
208 112
216 159
392 103
392 123
207 111
215 159
393 102
393 124
206 110
206 112
214 159
394 101
394 102
394 125
205 109
205 113
213 159
395 100
395 103
204 108
204 114
212 159
396 99
396 104
203 107
203 115
211 159
396 98
397 105
202 116
210 159
396 97
398 106
201 117
209 159
396 96
399 107
200 118
208 159
396 95
400 107
400 108
199 119
207 159
396 94
401 106
401 109
198 118
198 120
206 159
396 93
402 105
402 110
197 117
197 121
205 159
396 92
403 104
403 111
196 116
196 122
204 159
396 91
404 103
404 112
195 115
203 159
396 90
405 102
405 113
194 114
202 159
396 89
406 101
406 114
193 113
201 159
396 88
407 100
407 114
192 112
200 159
396 87
408 99
408 114
191 111
199 159
396 86
409 114
190 110
190 112
198 159
396 85
410 114
189 109
189 113
197 159
396 84
411 114
188 108
188 114
196 159
396 83
412 114
187 107
187 115
195 159
396 82
413 114
186 116
194 159
396 81
414 114
185 117
193 159
396 80
415 113
184 118
192 159
396 79
416 112
183 119
191 159
396 78
417 111
182 118
182 120
190 159
396 77
418 110
181 117
181 121
189 159
396 76
419 109
180 116
180 122
188 159
396 75
420 108
420 110
179 115
187 159
396 74
421 107
421 111
178 114
186 159
396 73
422 112
177 113
185 159
396 72
423 113
176 112
184 158
184 159
396 71
424 114
175 111
184 157
396 70
397 70
425 115
174 110
174 112
184 156
396 69
398 71
426 116
173 109
173 113
184 155
396 68
399 72
427 116
427 117
172 108
172 114
184 154
396 67
400 73
428 115
428 118
171 107
171 115
184 153
396 66
401 74
429 114
429 119
170 116
184 152
396 65
402 75
430 113
430 120
169 117
184 151
396 64
403 76
431 112
431 121
168 118
184 150
396 63
404 77
432 111
432 122
167 119
184 149
396 62
405 78
433 110
166 118
166 120
184 148
396 61
406 79
434 109
165 117
165 121
184 147
395 60
396 60
407 80
435 108
435 110
164 116
164 122
184 146
394 60
397 59
408 81
436 107
436 111
163 115
184 145
185 145
393 60
398 58
409 82
437 112
162 114
183 144
186 145
392 60
399 57
410 83
438 113
161 113
187 145
391 60
400 56
400 58
411 84
439 114
160 112
188 145
390 60
401 55
401 59
440 115
159 111
189 145
389 60
402 54
402 60
441 116
158 110
158 112
190 145
388 59
388 60
403 61
442 116
442 117
157 109
157 113
191 145
387 60
388 58
404 62
443 115
443 118
156 108
156 114
192 145
386 60
389 57
405 63
444 114
444 119
155 107
155 115
193 145
385 60
406 64
445 113
445 120
154 116
194 145
384 60
407 63
407 65
446 112
446 121
153 117
195 144
383 60
408 62
408 66
447 111
447 122
152 116
152 118
196 143
382 60
409 61
409 67
448 110
151 115
151 119
197 143
381 60
410 60
410 68
449 109
150 114
150 120
198 143
380 60
411 59
411 69
450 108
450 110
149 113
149 121
199 143
379 60
412 58
451 107
451 111
148 112
148 122
200 143
378 60
413 57
413 59
452 112
147 111
201 143
377 60
414 56
414 60
453 113
146 110
202 143
376 59
376 61
415 55
415 61
454 114
145 109
203 143
375 62
416 54
416 62
455 115
144 108
204 143
374 63
417 53
417 63
456 116
143 107
205 143
373 64
418 64
457 116
457 117
206 143
372 65
419 65
458 115
458 118
207 143
371 66
420 66
459 114
459 119
208 143
370 67
371 67
421 67
460 113
460 120
209 143
369 68
372 68
422 68
461 112
461 121
210 143
368 67
368 69
373 69
462 111
462 122
211 143
367 66
367 70
374 70
463 110
462 123
212 143
366 65
366 71
375 71
464 109
462 124
213 143
365 64
365 72
465 108
465 110
462 125
214 143
364 63
364 73
466 107
466 111
462 126
215 143
363 62
363 74
467 112
462 127
216 143
362 61
363 75
468 113
462 128
217 143
361 60
363 76
469 114
462 129
218 143
360 59
360 61
363 77
470 115
462 130
219 143
359 62
364 78
471 116
462 131
220 143
358 63
365 79
472 116
472 117
462 132
221 143
357 64
366 80
473 115
473 118
463 133
222 143
356 65
367 81
474 114
474 119
464 134
223 143
355 66
368 82
475 113
475 120
465 135
224 143
354 67
369 83
476 112
476 121
466 136
225 143
353 68
370 84
477 111
477 122
465 137
467 137
226 143
352 67
352 69
478 110
464 138
468 138
227 143
351 66
351 70
479 109
463 139
469 139
228 143
350 65
350 71
480 108
480 110
462 140
470 140
229 143
349 64
349 72
481 107
481 111
461 141
471 141
230 143
348 63
348 73
482 112
460 142
472 142
231 143
347 62
347 74
483 113
459 143
473 142
232 143
346 61
346 74
347 75
484 114
474 142
345 60
345 74
347 76
485 115
475 142
344 59
344 74
346 77
347 77
486 116
476 142
344 58
343 74
345 78
347 78
487 116
487 117
477 142
344 57
342 74
344 79
347 79
488 115
488 118
478 142
344 56
341 74
343 80
347 80
489 114
489 119
479 142
344 55
340 74
342 81
347 81
490 113
490 120
480 142
344 54
339 74
341 82
348 82
491 112
491 121
481 142
344 53
338 74
340 83
349 83
492 111
492 122
482 142
344 52
337 74
350 84
493 110
483 142
343 51
336 74
351 85
494 109
484 142
342 50
344 50
352 86
495 108
495 110
485 142
341 49
345 49
353 87
496 107
496 111
486 142
340 48
346 48
354 88
497 112
487 142
339 47
339 49
347 47
355 89
498 113
488 142
338 46
338 50
348 46
499 114
489 142
337 45
337 51
349 45
500 115
490 142
336 44
336 52
350 44
501 116
491 142
336 43
335 53
351 43
502 116
502 117
492 142
336 42
334 54
352 43
503 115
503 118
493 142
336 41
333 55
353 43
504 114
504 119
494 142
336 40
332 56
354 43
505 113
505 120
495 142
336 39
331 57
355 43
506 112
506 121
496 142
336 38
330 58
356 43
507 111
507 122
497 142
336 37
329 59
357 43
508 110
498 142
336 36
358 43
509 109
499 142
335 35
359 43
510 108
510 110
500 142
334 34
360 43
511 107
511 111
501 142
333 33
361 43
512 112
502 142
332 32
362 43
513 113
503 142
363 42
514 114
504 142
364 41
515 115
505 142
365 40
516 116
506 142
364 39
366 39
517 116
517 117
507 142
363 38
367 39
518 115
518 118
508 142
362 37
368 40
519 114
519 119
509 142
361 36
369 41
520 113
520 120
510 143
360 35
370 42
521 112
521 121
511 144
359 34
371 43
522 111
522 122
512 145
358 33
372 44
523 110
513 145
357 32
524 109
514 145
356 31
525 108
525 110
515 145
355 30
526 107
526 111
516 145
354 29
527 112
517 145
353 28
528 113
518 145
529 114
519 145
530 115
520 145
531 116
521 145
532 116
532 117
522 144
533 115
533 118
523 143
534 114
534 119
535 113
535 120
536 112
536 121
537 111
537 122
538 110
537 123
539 109
537 124
540 108
540 110
537 125
541 107
541 111
537 126
542 112
537 127
543 113
538 128
544 114
539 129
545 115
540 130
546 116
541 131
547 116
547 117
542 132
548 115
548 118
543 133
549 114
549 119
544 134
550 113
550 120
551 112
551 121
552 111
552 122
553 110
554 109
555 108
556 107
557 107
558 107
559 107
560 107
561 107
562 107
563 107
564 107
565 107
566 107
567 107
567 108
568 107
567 109
569 107
568 110
570 107
569 111
571 107
570 112
571 113
572 114
573 115
574 116
575 117
576 116
576 118
577 115
577 119
578 114
578 120
579 113
579 121
580 112
580 122
581 111
580 123
582 110
580 124
583 109
580 125
584 108
584 110
580 126
585 107
585 111
580 127
586 106
586 112
580 128
587 113
580 129
588 114
580 130
589 115
580 131
590 116
580 132
591 117
580 133
592 116
592 118
580 134
593 115
593 119
580 135
594 114
594 120
580 136
595 113
595 121
581 137
596 112
581 138
597 111
581 139
598 110
581 140
599 109
581 141
582 141
600 108
581 142
583 142
601 107
581 143
584 143
581 144
585 144
581 145
586 145
581 146
587 146
581 147
588 145
588 147
581 148
589 144
589 148
581 149
590 143
590 149
580 150
591 142
591 150
579 151
592 141
592 151
578 152
593 140
593 152
577 152
578 153
594 139
594 140
576 152
578 154
595 138
595 141
575 152
578 155
596 137
596 142
574 152
578 156
597 143
573 152
578 157
598 144
572 152
578 158
599 145
571 152
578 159
600 146
570 152
578 160
601 147
569 152
578 161
602 148
568 152
578 162
603 149
567 152
578 163
604 150
566 153
578 164
605 151
565 154
579 165
606 152
564 155
580 166
607 153
563 156
581 167
608 152
608 154
581 168
609 151
607 155
581 169
610 150
606 156
581 170
611 149
605 157
581 171
612 148
604 158
581 172
613 147
603 159
581 173
614 146
602 160
581 174
615 145
601 161
581 175
616 144
616 146
600 162
581 176
617 143
617 147
599 163
581 177
618 142
618 148
598 164
581 178
619 141
619 149
597 165
581 179
620 140
620 150
596 166
581 180
621 139
621 151
581 181
622 138
622 152
581 182
623 138
623 153
581 183
624 138
623 154
581 184
625 138
623 155
581 185
626 138
623 156
581 186
627 138
623 157
581 187
628 138
623 158
581 188
629 138
623 159
581 189
630 138
623 160
580 190
581 190
631 138
623 161
579 191
582 191
632 138
623 162
578 192
583 192
633 138
623 163
577 193
584 193
634 138
623 164
576 194
585 192
585 194
635 138
623 165
575 195
586 191
586 195
636 138
624 166
574 196
587 190
587 196
637 137
625 165
625 167
573 197
588 189
588 197
626 164
626 168
573 198
589 188
588 198
627 163
573 199
590 187
588 199
628 162
573 200
591 186
588 200
629 161
573 201
592 185
588 201
630 160
573 202
593 184
588 202
631 159
573 203
594 183
588 203
632 158
573 204
595 182
588 204
633 157
573 205
596 181
588 205
634 156
573 206
588 206
635 155
573 207
588 207
636 154
573 208
588 208
637 153
573 209
588 209
638 152
638 153
574 210
589 210
639 154
575 211
590 211
640 155
576 212
591 212
641 156
576 213
577 213
592 212
642 157
576 214
578 214
593 212
643 158
576 215
579 215
594 212
644 159
576 216
580 216
595 212
576 217
581 217
596 212
576 218
582 218
597 212
597 213
576 219
583 219
598 211
598 214
576 220
584 220
599 210
599 215
576 221
585 221
600 209
600 216
576 222
586 222
601 208
601 217
576 223
587 223
602 207
602 218
576 224
588 224
603 206
576 225
589 225
604 205
576 226
590 226
605 204
576 227
591 227
606 203
576 228
577 228
592 227
606 202
607 203
576 229
578 229
593 227
606 201
608 203
576 230
579 230
594 227
606 200
609 203
576 231
580 231
595 227
605 199
610 203
576 232
581 232
596 227
604 198
611 203
611 204
576 233
582 233
597 227
603 197
612 203
611 205
576 234
583 234
598 227
602 196
613 203
612 206
576 235
584 235
599 227
614 203
613 207
576 236
585 236
600 228
615 203
614 208
576 237
586 237
601 229
616 203
615 209
576 238
587 238
602 230
617 203
616 210
576 239
588 239
603 231
618 203
617 211
576 240
589 240
604 232
619 203
618 212
576 241
590 241
605 233
620 203
619 213
576 242
591 242
606 234
621 202
620 214
576 243
577 243
607 234
621 201
621 215
576 244
578 244
608 234
621 200
622 216
576 245
579 245
609 234
621 199
623 217
576 246
580 246
610 234
621 198
576 247
581 247
611 234
621 197
576 248
582 248
612 234
612 235
621 196
576 249
583 249
613 234
612 236
621 195
576 250
584 250
614 234
613 237
621 194
576 251
585 251
615 234
614 238
622 193
576 252
586 252
616 234
615 239
623 192
576 253
587 253
617 234
616 240
624 191
576 254
588 254
618 234
617 241
625 190
576 255
589 255
619 234
618 242
626 189
576 256
590 256
620 234
619 243
627 188
576 257
591 257
621 234
620 244
628 187
628 189
576 258
592 257
622 234
621 245
629 190
576 259
593 257
623 234
622 246
630 191
576 260
594 257
624 234
623 247
631 192
576 261
595 257
625 234
624 248
632 193
576 262
596 258
626 234
625 249
633 194
576 263
597 257
597 259
627 234
634 195
576 264
598 256
598 260
628 234
635 196
576 265
599 255
599 261
629 234
636 197
576 266
600 254
600 262
630 234
576 267
601 253
601 263
631 234
576 268
602 252
602 264
632 234
576 269
603 265
633 234
576 270
604 266
576 271
605 267
576 272
606 268
576 273
607 268
576 274
577 274
608 268
576 275
578 275
609 268
576 276
579 276
610 268
576 277
580 277
611 268
576 278
581 278
612 268
612 269
576 279
582 279
613 268
612 270
576 280
583 280
614 268
613 271
576 281
584 279
584 281
615 268
614 272
576 282
585 278
585 282
616 268
615 273
576 283
586 277
586 283
617 268
616 274
576 284
587 276
587 284
618 268
617 275
576 285
588 275
588 285
619 268
618 276
576 286
589 274
589 286
620 268
619 277
575 287
590 273
590 287
621 268
620 278
575 288
576 288
591 272
621 279
575 289
577 289
592 272
622 280
575 290
578 290
593 272
623 281
575 291
579 291
594 272
624 280
624 282
575 292
580 292
595 273
625 279
625 283
575 293
581 293
596 274
626 278
575 294
582 294
597 275
627 277
575 295
583 295
598 276
628 276
575 296
584 296
599 277
629 275
575 297
585 297
600 278
630 274
575 298
586 298
601 279
631 273
575 299
587 299
602 280
632 272
575 300
588 300
603 281
633 271
575 301
589 301
604 282
575 302
590 302
605 283
575 303
576 303
591 302
575 304
577 304
592 302
575 305
578 305
593 302
575 306
579 306
594 302
575 307
580 307
595 302
575 308
581 308
596 302
575 309
582 309
597 302
575 310
583 310
598 302
575 311
584 311
599 302
575 312
585 312
600 302
575 313
586 313
601 302
575 314
587 314
602 303
575 315
588 315
603 304
575 316
589 316
604 305
575 317
590 317
605 306
575 318
605 307
606 306
575 319
605 308
607 306
575 320
605 309
608 306
575 321
605 310
609 306
575 322
605 311
610 306
575 323
605 312
611 306
575 324
605 313
612 306
575 325
605 314
613 306
613 307
575 326
605 315
614 306
613 308
575 327
605 316
615 306
614 309
575 328
605 317
616 306
615 310
575 329
605 318
617 306
616 311
575 330
605 319
618 306
617 312
575 331
605 320
619 305
619 306
618 313
575 332
619 304
620 306
619 314
575 333
620 303
620 315
575 334
621 302
621 316
575 335
622 301
622 317
575 336
623 300
623 318
575 337
624 299
624 319
575 338
625 298
625 320
575 339
575 340
575 341
575 342
575 343
575 344
575 345
575 346
575 347
575 348
575 349
575 350
575 351
575 352
575 353
575 354
575 355
575 356
576 357
577 358
578 359
579 358
579 360
580 357
580 361
581 356
581 362
582 355
581 363
583 354
581 364
584 353
581 365
585 352
581 366
586 351
586 352
581 367
587 350
587 353
581 368
588 349
588 354
581 369
589 348
589 355
581 370
590 347
590 356
581 371
591 357
581 372
592 356
592 358
581 373
593 355
593 359
581 374
594 354
594 360
581 375
595 353
595 361
581 376
596 352
596 362
581 377
597 351
581 378
598 350
581 379
599 349
581 380
600 348
581 381
582 381
601 347
581 382
583 382
602 346
581 383
584 383
603 345
581 384
585 384
602 344
604 344
581 385
586 385
601 343
605 343
581 386
587 386
600 342
606 343
581 387
588 385
588 387
599 341
607 343
581 388
589 384
589 388
598 340
608 343
581 389
590 383
590 389
597 339
609 343
580 390
591 382
591 390
596 338
610 343
579 391
592 381
592 391
595 337
611 343
578 392
593 380
593 392
594 336
612 343
577 392
578 393
594 379
593 335
613 343
576 391
578 394
595 378
595 379
592 334
614 343
575 390
578 395
596 377
596 380
591 333
615 343
574 389
578 396
597 381
590 332
616 343
573 388
578 397
598 382
617 343
617 344
572 387
578 398
599 383
618 343
617 345
571 386
578 399
600 384
619 342
618 346
578 400
601 385
620 341
619 347
578 401
602 386
620 348
578 402
603 387
621 349
578 403
604 388
622 350
578 404
605 389
623 351
579 405
606 390
624 352
580 406
607 391
625 351
625 353
581 407
608 392
626 350
626 354
581 408
609 392
627 349
627 355
581 409
582 409
610 392
628 348
628 356
581 410
583 410
611 392
629 347
581 411
584 411
612 392
630 346
581 412
585 412
613 392
631 345
581 413
586 413
614 392
632 344
581 414
587 414
615 391
633 343
581 415
588 415
616 390
616 391
581 416
589 414
589 416
617 389
617 392
581 417
590 413
590 417
618 388
618 393
581 418
591 412
591 418
619 387
619 394
581 419
592 411
592 419
620 386
620 395
581 420
593 410
593 420
621 385
621 396
581 421
594 409
594 421
622 384
622 397
580 422
595 408
595 422
623 383
623 398
579 422
581 423
596 407
623 382
623 399
578 422
582 424
623 381
623 400
577 422
583 425
623 380
623 401
576 422
584 426
623 379
623 402
575 422
585 427
623 378
623 403
574 422
586 428
623 377
623 404
573 422
587 429
623 376
623 405
572 423
588 430
623 375
623 406
571 424
589 431
624 374
623 407
570 425
590 432
625 373
623 408
569 426
591 433
626 372
623 409
568 427
570 427
592 434
627 371
623 410
567 428
571 428
593 435
624 411
566 429
572 429
594 436
625 410
625 412
565 430
573 430
595 437
626 409
626 413
564 430
574 431
596 437
627 408
563 430
575 432
597 437
628 407
562 430
576 433
598 437
629 406
561 430
577 434
599 437
630 405
560 430
578 435
600 437
631 404
559 430
559 431
579 436
601 437
632 403
558 429
559 432
580 437
602 437
633 402
633 403
557 428
560 433
580 438
603 438
634 401
634 404
556 427
556 429
561 434
581 439
604 439
635 400
635 405
555 426
555 430
562 435
582 440
636 399
636 406
554 425
554 431
563 436
583 441
637 398
637 407
553 424
553 432
564 437
584 442
638 397
638 408
552 423
552 433
585 443
638 396
639 409
551 422
551 434
586 444
638 395
640 410
550 421
550 435
638 394
641 411
549 436
638 393
548 435
639 392
547 434
640 391
546 433
641 390
545 432
642 389
544 431
643 388
543 430
644 387
542 429
645 386
541 428
646 385
540 427
540 429
539 426
539 430
538 425
538 431
537 424
537 432
536 423
536 433
535 422
535 434
534 421
534 435
533 436
532 435
531 434
530 433
529 432
528 431
527 430
526 429
525 428
524 427
524 429
523 426
523 430
522 425
522 431
521 424
521 432
520 423
520 433
519 422
519 434
518 421
518 435
517 436
516 435
515 434
514 433
513 432
512 431
511 430
510 429
509 428
508 427
508 429
507 426
507 430
506 425
506 431
505 424
505 432
504 423
504 433
503 422
503 434
502 421
502 435
501 436
500 435
499 434
498 433
497 432
496 431
495 430
494 429
493 428
492 427
492 429
491 426
491 430
490 425
490 431
489 424
489 432
488 423
488 433
487 422
487 434
486 421
486 435
486 420
485 436
486 419
484 435
486 418
483 434
486 417
482 433
487 416
481 432
488 415
480 431
489 414
479 430
490 413
478 429
491 412
477 428
492 411
476 427
476 429
491 410
493 410
475 426
475 430
490 409
494 409
474 425
474 431
489 408
495 408
473 424
473 432
488 407
496 407
472 423
472 433
487 406
497 406
471 422
471 434
486 405
498 405
470 421
470 435
485 404
499 404
469 436
484 403
500 404
468 435
483 403
501 404
467 434
482 403
502 404
466 433
481 403
503 404
465 432
480 403
504 404
464 431
479 403
505 404
463 430
478 403
506 404
462 429
477 403
507 404
461 428
476 403
508 404
460 427
460 429
475 402
509 404
459 426
459 430
474 401
476 401
510 404
458 425
458 431
473 400
477 400
511 403
457 424
457 432
472 399
478 399
512 402
456 423
456 433
479 398
513 401
455 422
455 434
480 397
514 400
454 421
454 435
481 396
515 400
453 436
482 395
516 400
452 435
483 394
517 400
451 434
484 393
518 400
450 433
485 392
519 400
449 432
486 391
520 400
448 431
487 390
521 400
521 401
447 430
488 389
522 400
521 402
446 429
489 388
523 400
522 403
445 428
524 400
523 404
444 427
444 429
525 400
443 426
443 430
526 400
442 425
442 431
527 400
441 424
441 432
528 400
440 423
440 433
529 400
439 422
439 434
530 399
438 421
438 435
529 398
531 398
437 436
528 397
532 397
436 436
527 396
533 396
435 435
526 395
534 395
534 396
434 434
525 394
535 394
535 397
433 433
524 393
536 393
536 398
432 432
523 392
537 392
537 399
431 431
522 391
524 391
538 391
538 400
430 430
521 390
525 390
539 390
539 401
429 429
520 389
526 389
540 389
540 402
428 428
428 430
519 388
541 388
541 403
427 427
427 431
518 387
542 388
542 404
426 426
426 432
517 386
543 388
543 405
425 425
425 433
516 385
544 388
544 406
424 424
424 434
515 385
545 388
423 423
423 435
514 385
546 388
422 422
422 436
513 385
547 388
421 437
512 385
548 388
420 436
511 385
549 388
419 435
510 385
550 388
418 434
509 385
551 388
417 433
508 385
552 388
416 432
507 385
553 388
415 431
506 384
554 387
414 430
555 386
413 429
556 385
412 428
412 430
556 384
411 427
411 431
556 383
410 426
410 432
556 382
409 425
409 433
555 381
408 424
408 434
554 380
407 423
407 435
553 379
406 422
406 436
552 378
405 437
551 377
404 436
405 438
550 376
403 435
405 439
549 375
402 434
405 440
548 374
401 433
405 441
547 373
400 432
405 442
399 431
404 443
398 430
403 444
397 429
397 430
402 445
396 428
396 431
401 446
395 427
395 432
400 447
394 426
394 433
399 448
393 425
393 434
398 449
392 424
392 435
397 450
399 450
391 423
391 436
396 451
400 451
390 422
390 437
395 452
401 452
389 421
389 422
394 453
402 453
388 422
389 420
393 454
403 454
387 422
390 419
392 455
404 455
386 422
391 418
391 456
405 456
385 422
392 417
390 457
406 457
384 422
393 416
389 458
407 458
383 422
394 415
388 459
390 459
408 459
382 422
395 414
387 460
391 460
381 422
396 413
386 461
392 461
380 422
397 412
385 462
393 462
379 422
398 411
384 463
378 422
378 423
399 410
383 464
377 421
378 424
400 409
382 465
383 465
376 420
378 425
401 408
381 466
384 466
375 419
377 426
402 407
380 467
385 467
374 419
376 427
403 406
379 468
386 468
373 419
375 428
404 405
378 469
387 469
372 419
374 429
377 470
388 470
371 419
373 430
376 471
389 471
370 419
372 431
375 472
390 472
369 419
374 471
374 473
391 473
368 419
373 470
373 474
392 474
367 419
372 469
393 475
366 419
371 468
393 476
394 476
365 418
365 419
370 467
392 477
395 477
364 419
365 417
369 466
391 478
395 478
363 419
366 416
368 465
390 479
395 479
362 419
367 415
367 464
389 480
395 480
361 419
368 414
366 463
366 465
388 481
395 481
360 419
369 413
365 462
365 466
387 482
395 482
359 419
370 412
364 461
364 467
395 483
358 419
371 411
363 460
363 468
395 484
357 419
372 410
362 459
362 469
395 485
356 419
373 409
361 459
361 470
396 486
355 419
374 408
360 459
360 471
397 487
354 419
375 407
359 458
359 472
398 488
353 419
376 406
358 457
358 473
399 488
399 489
352 419
377 405
357 456
357 474
400 487
400 490
351 419
378 404
356 455
356 474
357 475
401 486
401 491
350 419
378 403
355 454
355 474
358 476
402 485
402 492
349 419
378 402
354 453
354 474
359 477
403 484
348 419
378 401
353 452
353 474
360 478
404 483
347 419
378 400
352 451
352 474
361 479
405 482
346 419
346 420
377 399
351 450
351 473
362 480
406 481
406 483
345 418
346 421
376 398
350 472
363 481
407 480
407 484
344 418
346 422
375 397
349 471
364 482
408 479
408 485
343 418
346 423
374 396
348 470
348 472
365 483
409 478
409 486
342 418
347 424
373 395
347 469
347 473
366 484
410 477
410 487
341 418
346 425
348 425
372 394
346 468
346 474
367 485
411 488
340 417
340 418
345 426
349 426
345 467
345 475
368 486
412 489
339 418
340 416
344 427
350 427
344 466
344 476
369 487
413 490
338 418
341 415
343 428
351 428
343 465
343 477
344 477
370 488
414 491
337 418
342 414
342 429
352 429
342 464
342 478
345 478
371 489
415 492
336 418
343 413
353 430
341 479
346 479
416 493
335 418
344 412
354 431
340 478
347 480
334 418
345 411
355 432
339 477
348 481
333 418
346 410
356 433
338 476
349 482
332 418
345 409
347 409
357 434
337 475
350 483
331 418
344 408
348 408
336 474
351 484
330 418
343 407
349 407
335 473
335 474
350 485
352 485
329 418
342 406
350 406
334 472
334 475
349 486
353 486
328 418
341 405
351 405
333 471
333 476
348 487
354 487
327 418
340 404
352 404
332 470
332 477
347 488
355 488
326 418
339 403
353 403
331 469
331 478
346 489
356 489
325 418
338 402
330 468
330 479
345 490
357 490
324 418
337 401
339 401
329 467
329 480
344 491
358 491
323 418
336 400
340 400
328 466
328 481
343 492
344 492
359 492
322 418
335 399
341 399
327 465
327 482
342 493
345 493
360 493
321 418
335 398
342 398
326 464
326 483
341 494
346 494
361 494
320 418
335 397
343 397
325 463
341 495
347 495
362 495
319 418
334 396
344 396
324 462
324 464
341 496
348 496
363 496
318 418
318 419
333 395
345 395
323 461
323 465
341 497
349 497
364 497
317 417
317 418
318 420
332 394
346 394
322 460
322 466
341 498
350 498
365 498
317 416
316 419
319 421
331 393
347 393
321 459
321 467
340 499
351 499
366 499
317 415
315 420
320 422
348 392
320 458
320 468
339 500
352 500
367 500
317 414
314 420
321 423
349 391
319 457
319 469
338 501
353 501
368 501
317 413
313 420
322 424
350 390
318 456
318 470
337 502
354 502
369 502
317 412
312 421
323 425
351 389
317 455
317 469
317 471
336 503
355 503
370 503
317 411
311 422
324 426
350 388
352 388
316 454
316 468
316 472
335 504
356 504
371 504
316 410
310 423
325 427
349 387
353 387
315 453
315 467
315 473
334 505
356 505
315 409
309 424
326 428
348 386
314 452
314 466
314 474
333 506
356 506
314 408
308 425
327 429
347 385
313 451
313 465
313 475
356 507
313 407
307 424
307 426
346 384
312 451
312 476
356 508
312 406
306 423
306 427
345 383
311 451
311 476
356 509
311 405
305 422
305 428
344 382
310 451
310 476
356 510
310 404
304 421
304 429
343 381
309 451
309 476
356 511
309 403
303 420
303 430
342 380
344 380
308 451
308 476
356 512
308 402
341 379
345 379
307 451
307 476
356 513
307 401
340 378
346 378
306 451
306 476
356 514
306 400
339 377
347 377
305 451
305 476
355 515
305 399
338 376
348 376
304 451
304 476
354 516
304 398
337 375
349 375
303 451
303 476
353 517
303 397
337 374
350 374
302 451
302 476
352 518
337 373
351 373
301 451
301 476
351 519
337 372
352 372
300 451
300 476
337 371
353 372
299 451
299 476
337 370
354 372
298 476
337 369
355 372
297 475
297 476
297 477
337 368
356 372
296 474
297 478
337 367
338 367
357 371
295 473
297 479
336 366
339 367
358 370
294 472
297 480
335 365
340 367
359 369
293 471
297 481
298 481
334 364
341 366
360 368
292 470
297 482
299 482
333 363
342 365
361 367
361 369
291 469
297 483
300 483
332 362
343 364
362 366
362 370
290 468
297 484
301 484
331 362
344 363
363 365
363 371
289 467
297 485
302 485
330 362
345 362
364 364
364 372
288 466
297 486
303 486
329 362
346 361
365 363
365 373
287 465
297 487
304 487
328 362
347 360
366 362
366 374
296 488
305 488
327 362
367 361
367 375
295 489
306 489
326 363
368 361
368 376
294 490
307 490
325 364
369 361
293 491
308 491
324 365
370 361
323 366
371 361
322 367
372 361
321 368
373 361
374 361
374 362
375 361
374 363
376 361
375 364
377 361
376 365
378 361
377 366
379 360
378 367
380 359
379 368
381 358
380 369
382 357
381 370
383 357
382 371
384 357
383 372
385 357
386 357
387 357
388 357
389 357
390 357
391 357
392 356
393 355
394 354
394 355
395 353
395 356
396 352
396 357
397 351
397 358
398 351
398 359
399 351
399 360
400 351
400 361
401 350
401 362
402 349
400 363
402 363
403 348
399 364
403 364
404 347
398 365
404 365
405 346
405 347
397 366
405 366
406 345
406 348
405 367
407 344
407 349
405 368
408 343
408 350
405 369
409 342
409 351
405 370
410 341
410 352
406 371
411 340
411 353
407 372
412 339
412 354
408 373
412 338
409 374
412 337
412 336
412 335
412 334
413 333
414 332
415 331
416 330
417 329
418 328
418 330
419 327
419 331
420 326
420 332
421 325
421 333
422 324
422 334
423 335
424 336
425 335
425 337
426 334
426 338
427 333
427 339
428 332
427 340
429 331
427 341
430 330
427 342
431 329
427 343
432 328
432 329
427 344
433 327
433 330
427 345
434 326
434 331
427 346
435 325
435 332
427 347
436 324
436 333
427 348
437 323
437 334
428 349
437 322
438 335
429 350
437 321
439 336
430 351
437 320
440 337
431 352
437 319
441 338
432 353
437 318
442 339
433 354
437 317
443 339
433 355
437 316
438 316
444 339
433 356
436 315
439 316
445 339
433 357
435 314
440 316
446 339
433 358
434 313
441 316
447 339
433 359
433 312
448 339
433 360
434 360
432 311
434 311
449 339
433 361
435 361
431 310
435 310
450 339
433 362
436 362
430 309
436 309
451 339
433 363
437 363
429 308
437 308
452 339
433 364
438 364
438 307
453 339
433 365
439 365
439 306
454 339
433 366
440 366
440 305
455 339
433 367
441 367
441 304
456 339
433 368
442 368
442 303
457 339
457 340
433 369
443 369
443 302
457 341
433 370
444 301
458 342
433 371
444 300
459 343
433 372
444 299
458 344
460 344
433 373
444 298
457 345
461 345
433 374
444 297
445 297
456 346
462 346
433 375
443 296
446 297
455 347
463 347
433 376
442 295
447 297
454 348
464 347
464 348
433 377
441 294
448 297
448 298
453 349
465 346
465 349
433 378
440 293
449 297
448 299
452 350
466 345
466 350
433 379
439 292
441 292
450 297
449 300
451 351
467 344
467 351
433 380
438 291
442 291
451 297
450 301
450 352
468 343
468 352
433 381
437 290
443 290
452 297
451 302
449 353
469 342
469 353
433 382
436 289
444 289
453 297
452 303
448 354
470 341
470 354
433 383
435 288
454 297
453 304
471 340
470 355
432 384
434 287
434 289
436 287
455 297
454 305
472 339
472 341
470 356
432 385
433 286
433 290
437 286
456 297
455 306
473 342
470 357
432 386
432 291
438 285
457 297
456 307
474 343
470 358
432 387
431 292
439 284
458 297
457 308
475 344
470 359
432 388
430 293
440 283
459 296
458 309
476 345
470 360
432 389
441 282
460 296
459 310
477 346
470 361
432 390
442 281
461 296
460 311
478 347
470 362
471 362
432 391
443 280
462 296
460 312
479 347
479 348
470 363
472 363
432 392
442 279
444 279
463 296
463 297
460 313
480 346
480 349
470 364
473 364
432 393
433 393
441 278
445 278
464 296
463 298
460 314
481 345
481 350
470 365
474 365
432 394
434 394
440 277
446 277
465 296
464 299
460 315
482 344
482 351
470 366
475 366
432 395
435 395
439 276
447 276
466 296
465 300
460 316
483 343
483 352
470 367
476 367
432 396
436 395
436 396
438 275
448 275
467 296
466 301
460 317
484 342
484 353
469 368
477 368
432 397
437 394
437 397
437 274
468 296
467 302
460 318
485 341
485 354
468 369
478 369
431 398
438 393
438 398
436 273
469 296
468 303
460 319
486 340
430 399
439 392
439 399
435 272
470 296
469 304
460 320
487 339
487 341
440 391
440 400
434 271
471 296
470 305
460 321
488 342
441 390
441 401
433 270
472 296
471 306
489 343
442 389
442 402
433 269
473 296
472 307
490 344
443 388
443 403
433 268
474 295
473 308
491 345
444 388
433 267
474 309
492 346
445 388
433 266
475 310
493 347
446 388
446 389
433 265
475 311
476 310
494 347
494 348
447 388
446 390
433 264
475 312
477 310
495 346
495 349
448 388
447 391
433 263
475 313
478 310
496 345
496 350
449 388
448 392
433 262
475 314
479 310
497 344
497 351
450 388
449 393
433 261
475 315
480 310
498 343
498 352
451 388
450 394
433 260
475 316
481 309
499 342
499 353
452 387
451 395
433 259
475 317
482 308
500 341
500 354
453 386
452 396
433 258
475 318
483 307
483 308
501 340
501 355
454 385
453 397
433 257
475 319
484 306
484 309
502 339
502 356
455 384
454 398
433 256
434 256
475 320
485 305
485 310
503 339
503 357
456 384
455 399
432 255
435 255
475 321
486 304
486 311
504 339
504 358
457 384
436 254
487 303
487 312
505 339
503 359
505 359
458 384
437 253
488 302
488 313
506 339
502 360
506 360
459 384
438 252
489 301
489 314
507 339
501 361
507 361
460 384
439 251
439 253
490 300
490 315
508 339
500 362
508 362
461 384
440 250
440 254
491 300
491 315
509 339
499 363
509 363
462 384
441 249
441 255
492 300
492 315
510 339
498 364
510 364
463 384
440 248
442 248
442 256
493 300
493 315
511 339
497 365
511 365
464 384
439 247
443 247
443 257
494 300
494 315
512 339
496 366
497 366
512 366
465 384
438 246
444 246
444 258
495 300
495 315
513 339
495 367
498 367
513 367
466 384
437 245
445 245
445 259
496 300
496 315
514 339
494 368
499 368
514 368
436 244
446 244
446 260
497 300
497 315
515 339
493 369
500 369
515 369
435 243
447 243
447 261
498 299
498 300
498 315
516 339
434 242
447 242
498 298
499 300
499 315
517 339
433 241
447 241
499 297
500 300
500 315
518 339
432 240
448 240
500 296
501 300
501 315
519 339
432 239
449 239
501 295
502 300
502 315
520 339
432 238
450 238
502 294
503 300
503 315
521 339
432 237
451 237
503 293
504 300
504 315
522 339
432 236
452 236
504 292
505 301
505 316
523 339
432 235
453 235
505 291
506 316
524 339
432 234
454 234
454 235
505 290
506 290
507 316
525 339
431 233
455 233
455 236
504 289
507 289
508 316
526 339
430 232
456 232
456 237
503 288
508 288
508 289
509 316
527 339
429 231
431 231
457 231
457 238
502 287
509 287
509 290
510 316
528 339
528 340
428 230
432 230
458 230
458 239
501 286
510 286
510 291
511 316
529 339
528 341
427 229
433 229
459 229
459 240
500 285
511 292
512 316
530 339
527 342
529 342
426 228
434 228
460 228
460 241
499 284
512 292
512 293
513 316
531 339
526 343
530 343
425 227
435 227
461 242
498 283
513 291
513 294
514 316
532 339
525 344
531 344
424 226
436 226
462 241
462 243
497 282
514 290
514 295
515 316
524 345
532 345
423 225
437 225
463 240
462 244
496 281
515 289
515 296
516 316
523 346
533 346
423 224
438 224
464 239
462 245
495 280
516 288
516 297
517 317
522 347
534 347
423 223
465 238
462 246
517 287
517 298
518 318
521 348
535 348
423 222
466 237
462 247
518 286
518 299
519 319
520 349
522 349
536 349
423 221
467 236
462 248
519 285
519 300
520 320
519 350
523 350
537 348
537 350
423 220
468 235
462 249
520 301
518 351
524 351
538 347
538 351
423 219
469 234
469 235
462 250
521 301
517 352
525 352
539 346
539 352
422 218
470 233
470 236
462 251
522 301
516 353
526 353
540 345
540 353
421 217
471 232
471 237
462 252
523 301
515 354
541 344
541 354
420 216
422 216
472 231
472 238
462 253
524 301
542 343
419 215
423 215
473 230
473 239
462 254
525 301
543 342
418 214
424 214
474 229
474 240
462 255
526 301
544 341
417 213
425 213
475 228
475 241
462 256
527 301
545 340
416 212
426 212
476 242
462 257
528 301
546 339
546 341
415 211
427 211
477 241
477 243
463 258
529 301
547 338
547 342
414 210
428 210
478 240
463 259
464 258
530 301
530 302
548 343
413 209
429 209
479 239
463 260
465 258
531 300
531 303
549 344
412 208
429 208
480 238
463 261
466 258
532 299
532 304
550 345
411 207
429 207
481 237
463 262
467 258
533 298
533 305
551 346
410 206
429 206
482 236
463 263
468 258
534 297
534 306
552 347
409 205
429 205
483 235
463 264
469 259
535 296
535 307
553 348
408 204
429 204
484 234
484 235
463 265
470 260
536 308
554 349
407 203
429 203
485 233
485 236
463 266
471 261
537 309
555 350
406 202
407 202
429 202
486 232
486 237
463 267
472 260
472 262
538 308
538 310
556 351
405 201
408 201
429 201
487 231
487 238
463 268
473 259
473 263
539 307
539 311
404 200
409 200
429 200
488 230
488 239
463 269
474 258
474 264
540 306
540 311
403 199
410 199
429 199
489 229
489 240
463 270
475 257
475 265
541 305
541 312
402 198
411 198
429 198
490 228
490 241
463 271
476 256
476 266
542 304
542 313
401 197
412 197
430 197
491 242
463 272
477 255
477 267
543 303
543 314
400 196
413 196
431 196
492 241
492 243
463 273
478 254
478 268
544 302
544 315
399 195
414 195
432 195
432 197
493 240
463 274
478 269
479 268
545 301
545 316
398 194
433 194
433 198
494 239
463 275
478 270
480 268
546 300
546 302
546 317
397 193
433 193
434 199
495 238
463 276
478 271
481 268
547 299
547 303
545 318
547 318
396 192
433 192
435 200
496 237
463 277
478 272
482 268
548 298
548 304
544 319
548 319
395 191
433 191
436 201
497 236
463 278
478 273
483 268
549 297
549 305
543 320
549 320
394 190
433 190
437 202
498 235
463 279
478 274
484 268
550 296
550 306
542 321
550 321
393 189
433 189
438 203
499 234
499 235
463 280
478 275
485 268
550 295
551 307
541 322
551 322
392 188
433 188
439 204
500 233
500 236
463 281
478 276
486 268
550 294
552 308
540 323
552 323
391 187
392 187
433 187
440 205
501 232
501 237
478 277
487 268
550 293
539 324
390 186
393 186
433 186
441 206
502 231
502 238
478 278
488 268
550 292
389 185
389 186
394 185
433 185
442 207
503 230
503 239
478 279
489 268
550 291
388 184
388 187
395 184
433 184
443 208
504 229
504 240
478 280
490 268
550 290
387 183
387 188
396 183
433 183
444 209
505 228
505 241
491 268
550 289
386 182
386 189
397 182
433 182
506 242
492 268
550 288
385 181
385 190
398 181
433 181
507 241
507 243
493 267
550 287
384 180
384 191
399 180
433 180
508 240
494 267
551 286
383 180
400 180
433 179
434 179
509 239
495 267
552 285
382 180
401 180
433 178
435 180
510 238
496 267
381 180
402 179
433 177
436 181
511 237
497 267
380 180
403 178
433 176
437 182
512 236
498 267
379 179
404 177
433 175
438 181
438 183
513 235
499 267
378 178
405 176
433 174
439 180
439 184
514 234
514 235
500 267
377 177
406 175
433 173
440 179
440 185
515 233
515 236
501 267
376 176
407 174
433 172
441 178
441 186
516 232
516 237
502 267
375 175
375 177
408 173
433 171
442 187
517 231
517 238
503 267
374 174
374 178
409 172
433 170
443 188
518 230
518 239
504 266
504 267
373 173
373 179
433 169
444 189
519 229
519 240
505 265
505 268
372 172
372 180
433 168
445 190
520 228
520 241
506 264
506 269
371 171
371 181
433 167
446 191
521 242
507 263
507 270
370 170
370 182
433 166
447 192
522 243
508 262
508 271
369 169
369 183
433 165
448 193
523 243
509 262
368 184
433 164
449 193
524 243
510 262
367 183
433 163
450 193
525 243
511 262
366 182
433 162
451 193
526 243
512 262
365 181
433 161
452 193
527 243
513 262
364 180
433 160
453 193
453 194
528 243
528 244
514 262
363 179
433 159
454 193
453 195
529 243
528 245
515 262
362 178
433 158
455 193
454 196
530 243
529 246
516 263
361 177
433 157
456 193
455 197
531 243
530 247
517 262
517 264
360 176
433 156
457 193
456 198
532 243
531 248
518 261
518 265
359 175
359 177
433 155
458 193
457 199
533 243
532 249
519 260
519 266
358 174
358 178
433 154
459 193
458 200
534 243
533 250
520 259
520 267
357 173
357 179
433 153
460 193
459 201
535 243
534 251
521 258
521 268
356 172
356 180
433 152
461 193
460 202
536 242
535 252
522 257
522 269
355 171
355 181
432 151
433 151
462 193
461 203
537 241
536 253
523 256
523 270
354 170
354 182
431 150
434 150
463 192
462 204
537 254
524 270
353 169
353 183
430 149
435 149
463 191
463 205
538 255
525 270
352 184
429 149
436 148
463 190
539 254
539 256
526 270
351 183
428 149
437 147
463 189
540 253
540 257
527 270
350 182
427 149
438 146
463 188
541 252
541 258
528 270
349 181
426 149
439 145
463 187
542 251
542 259
529 270
348 180
425 149
440 144
440 145
463 186
543 250
543 260
530 270
347 179
424 149
441 143
441 146
463 185
544 249
544 261
531 270
346 178
423 149
442 142
442 147
463 184
545 248
545 262
532 270
345 177
422 149
443 148
463 183
546 247
546 248
546 263
533 270
344 176
421 149
444 149
464 182
547 246
547 249
547 264
534 270
343 175
343 177
420 149
445 150
465 181
548 245
548 250
548 265
535 270
342 174
342 178
419 149
446 151
466 180
549 244
549 251
549 266
536 270
341 173
341 179
418 149
447 152
467 179
467 181
550 243
550 252
550 267
537 270
340 172
340 180
417 148
448 153
468 178
468 182
551 242
551 253
551 268
538 271
339 171
339 181
416 147
416 149
447 154
449 154
469 177
469 183
552 241
552 254
552 269
538 272
338 170
338 182
415 146
415 150
446 155
450 155
470 184
553 255
553 270
538 273
337 169
337 183
414 145
445 156
451 156
471 185
538 274
336 169
336 184
413 144
444 157
452 157
472 186
538 275
335 169
412 143
453 158
473 187
538 276
334 169
411 143
454 159
474 186
474 188
538 277
333 169
410 143
455 160
475 185
475 189
538 278
332 169
409 143
456 160
476 184
476 190
538 279
331 169
408 143
457 160
477 183
477 191
538 280
330 169
407 143
458 160
478 182
478 192
537 281
329 169
406 143
459 160
479 181
478 193
328 169
405 143
460 160
480 180
478 194
327 169
404 143
461 160
481 179
478 195
326 169
403 143
462 160
482 178
482 180
478 196
325 169
325 170
402 143
463 160
483 177
483 181
478 197
324 168
325 171
401 143
464 160
484 176
484 182
478 198
323 167
325 172
400 143
465 160
485 183
478 199
322 166
325 173
399 143
466 159
486 184
478 200
325 174
398 143
467 158
487 185
478 201
325 175
397 143
468 158
488 186
478 202
325 176
396 143
469 158
489 186
489 187
478 203
325 177
395 143
470 158
490 185
490 188
478 204
325 178
394 143
471 158
491 184
491 189
478 205
324 179
393 143
472 158
492 183
492 190
323 180
392 143
473 158
493 182
493 191
322 181
391 143
474 158
494 181
493 192
390 143
475 158
495 180
493 193
389 143
476 158
496 179
493 194
388 143
477 157
497 178
497 180
493 195
387 143
498 177
498 181
493 196
386 143
499 176
499 182
493 197
385 143
500 183
493 198
384 143
384 144
501 184
493 199
383 143
384 145
502 185
493 200
382 143
385 146
503 186
493 201
381 143
386 147
504 186
504 187
493 202
380 144
387 148
505 185
505 188
493 203
379 145
388 149
506 184
506 189
493 204
378 146
389 150
507 183
507 190
493 205
377 147
508 182
508 191
376 148
509 181
509 191
375 149
510 180
510 191
374 150
511 179
511 191
512 178
512 191
513 177
513 191
514 176
514 191
515 191
516 191
517 191
518 191
519 191
520 191
521 190
521 192
522 189
520 193
522 193
523 188
519 194
523 194
524 187
518 195
524 194
525 186
517 196
525 194
526 185
516 197
526 194
526 195
527 184
515 198
527 194
526 196
528 183
514 199
528 194
527 197
529 182
513 200
529 194
528 198
530 181
512 201
530 194
529 199
531 180
511 202
531 194
528 200
530 200
532 179
510 203
532 194
527 201
531 201
533 178
509 204
533 194
526 202
532 202
534 177
508 205
534 194
525 203
533 203
535 176
535 194
524 204
534 204
536 175
536 194
523 205
535 205
537 174
537 194
536 206
538 173
538 194
537 207
539 172
539 173
538 208
540 171
540 174
539 209
541 170
541 175
539 210
540 209
540 169
542 169
542 176
539 211
541 209
539 168
543 168
543 177
539 212
542 209
538 167
544 167
544 178
539 213
540 213
543 208
537 166
545 166
545 179
539 214
541 214
544 207
536 165
546 165
546 180
539 215
542 215
545 206
535 164
547 164
547 181
539 216
543 216
546 205
534 163
547 163
548 182
539 217
544 217
547 204
547 205
533 162
547 162
549 183
539 218
545 218
548 203
548 206
532 161
547 161
539 219
546 219
549 202
549 207
531 160
547 160
539 220
547 220
550 201
550 208
530 159
547 159
539 221
548 221
551 200
551 209
529 158
547 158
539 222
549 222
552 199
552 210
528 158
547 157
539 223
550 223
553 198
553 211
527 158
547 156
539 224
551 224
554 197
526 158
547 155
552 225
525 158
547 154
553 226
524 158
547 153
523 158
547 152
522 158
547 151
521 158
547 150
520 158
546 149
519 158
518 159
517 160
516 160
515 160
514 160
513 160
512 160
511 160
510 160
509 160
508 160
507 160
506 160
505 160
504 160
503 160
502 160
501 160
500 160
499 160
498 160
497 160
496 159
495 158
494 157
844
20 189
20 209
21 333
21 351
22 324
29 359
30 176
34 215
35 200
37 324
37 334
38 158
40 383
42 352
43 183
49 207
49 330
53 153
54 358
55 391
56 140
56 183
56 270
60 255
60 290
61 236
61 306
62 200
62 338
64 285
67 392
68 152
68 407
69 358
71 137
71 183
72 198
72 214
72 229
72 253
72 328
73 268
73 291
73 306
73 343
84 340
84 358
86 183
86 401
87 143
87 160
88 377
89 201
91 252
91 325
92 291
93 221
94 276
94 310
95 261
98 234
99 361
100 132
101 291
102 202
102 390
103 159
103 174
103 342
103 373
104 144
104 184
106 427
107 116
107 325
108 220
109 310
110 276
111 261
112 250
113 235
114 361
114 421
116 107
116 291
116 342
117 122
117 387
118 167
119 137
119 152
119 183
119 439
120 325
121 357
123 203
123 220
124 310
124 407
126 260
126 276
127 105
127 120
129 428
131 342
132 391
133 233
134 151
134 167
134 183
135 291
135 325
135 376
136 251
136 359
137 203
137 221
139 310
140 428
141 276
142 261
143 107
148 122
152 196
152 211
152 226
152 361
152 376
152 391
153 331
153 346
154 301
154 316
155 107
155 241
156 151
156 166
156 181
156 286
157 271
157 420
157 435
158 256
162 214
163 330
164 122
164 399
165 157
165 380
166 230
167 199
167 362
168 142
168 345
169 184
169 313
171 107
171 289
172 421
172 435
173 271
174 256
180 122
180 225
180 397
181 240
181 364
181 382
183 144
183 210
183 349
184 159
184 182
184 197
184 304
184 319
184 334
186 288
187 107
187 421
187 435
189 270
190 255
192 397
193 180
193 365
195 212
195 225
195 350
196 122
196 143
196 239
196 382
199 159
199 197
199 303
199 318
199 333
201 287
202 421
202 435
203 107
204 181
204 362
205 270
206 255
207 143
208 347
210 212
211 227
211 242
211 382
212 122
214 159
214 197
214 302
214 317
214 332
215 397
216 286
217 421
217 435
219 107
220 143
221 270
222 255
223 346
223 398
225 212
226 227
226 242
226 383
227 366
228 122
228 181
229 159
229 197
229 301
229 316
229 331
231 285
231 399
232 143
232 422
232 435
235 107
237 181
237 270
238 255
238 346
238 361
240 212
240 383
240 398
241 227
241 242
241 367
244 122
244 159
244 197
244 300
244 315
244 330
246 285
247 422
247 435
249 181
250 142
251 107
253 270
253 345
254 255
255 212
255 383
255 399
256 227
256 242
257 360
258 144
259 159
259 197
259 300
259 314
259 329
260 122
261 182
261 285
262 422
267 107
267 174
268 344
268 359
268 435
269 270
270 212
270 255
270 385
270 400
271 227
271 242
274 157
274 197
274 300
274 328
275 124
276 285
277 422
280 359
281 142
281 315
281 367
281 383
281 398
282 111
282 162
282 182
282 222
282 343
284 435
285 207
285 270
286 62
286 234
286 255
287 465
289 300
291 285
293 46
293 77
293 491
297 476
299 451
300 143
300 158
300 173
300 188
300 203
300 218
300 315
300 330
301 61
301 92
301 113
301 128
301 233
301 248
301 270
302 255
302 345
303 369
303 397
303 420
303 430
304 300
306 285
306 382
307 359
308 76
308 491
312 91
312 476
313 49
313 451
313 465
314 64
315 143
315 420
316 116
316 232
316 247
317 270
318 255
319 300
320 315
320 330
320 344
321 285
321 368
322 166
322 181
322 217
323 202
326 483
327 429
329 59
330 142
330 418
331 112
331 232
331 247
331 393
332 32
332 125
332 362
333 254
333 270
333 506
334 300
335 315
335 330
335 343
335 399
336 44
336 74
336 184
336 285
337 169
337 216
337 375
338 201
340 83
341 479
341 494
342 429
342 464
344 59
345 143
345 418
346 112
346 231
347 74
347 360
348 246
348 261
348 276
349 125
349 300
350 315
350 330
351 43
351 284
351 343
351 450
351 519
352 184
352 215
352 372
353 28
353 169
353 202
353 387
353 403
355 89
356 148
356 489
356 504
357 434
357 474
360 59
360 419
361 113
361 230
362 459
363 74
363 245
363 260
363 275
364 125
364 299
365 314
365 329
366 39
366 283
366 341
367 214
367 361
368 184
368 204
368 376
369 169
370 84
371 489
371 504
372 44
372 394
372 431
373 474
374 150
375 71
375 419
376 59
376 114
376 229
378 244
378 259
378 274
378 404
379 125
379 298
380 313
380 328
380 337
381 282
382 143
382 213
382 357
383 372
384 180
384 191
387 482
389 57
389 150
390 422
390 437
391 114
391 228
393 243
393 258
393 273
393 462
394 125
394 297
395 312
395 327
395 452
395 477
396 69
396 84
396 99
396 219
396 281
397 143
397 351
397 366
399 180
399 195
402 54
402 492
404 405
405 234
405 311
405 366
405 437
406 114
406 422
408 99
408 249
408 264
408 459
409 172
409 296
409 374
410 477
411 69
411 84
411 280
412 143
412 339
412 354
414 195
414 210
415 150
416 493
417 53
421 107
421 437
422 68
422 324
422 422
423 225
427 339
429 209
429 308
430 149
430 293
430 399
432 122
432 240
432 255
432 384
433 164
433 179
433 194
433 270
433 286
433 354
433 369
436 107
437 323
437 436
438 224
438 421
441 178
441 316
442 142
442 339
443 369
443 388
443 403
444 157
444 209
444 289
444 301
447 122
447 243
447 261
448 193
448 275
448 354
451 107
453 436
454 421
455 160
455 384
455 399
457 339
459 143
459 296
460 228
460 311
460 321
462 122
462 243
463 192
463 205
463 258
463 273
463 281
466 107
466 384
467 158
468 369
469 177
469 436
470 354
470 421
472 142
472 339
472 399
474 295
475 228
475 310
475 321
477 122
477 157
477 243
478 192
478 205
478 254
478 268
478 280
478 369
481 107
484 176
484 403
485 354
485 436
486 421
487 142
487 339
489 388
490 228
490 300
490 315
492 122
492 243
493 191
493 205
493 267
493 369
494 157
495 280
496 107
499 176
499 404
500 354
500 369
501 436
502 142
502 339
502 421
505 160
505 228
505 301
505 316
506 384
507 122
507 243
508 191
508 205
508 262
508 271
510 286
511 107
512 145
514 176
514 400
515 354
515 369
516 385
517 160
517 339
517 436
518 421
519 285
520 228
520 301
520 320
522 122
522 243
523 143
523 194
523 205
523 256
523 270
523 404
526 107
526 353
526 389
529 158
532 339
533 436
534 421
535 296
537 122
537 241
537 281
538 194
538 271
539 209
539 224
539 256
539 311
539 324
541 107
541 354
541 388
544 134
544 406
546 149
547 164
547 338
547 373
549 183
549 436
550 296
550 421
552 122
552 241
552 285
552 308
552 323
553 211
553 226
553 255
553 270
554 197
556 107
556 351
556 385
563 156
564 437
565 430
571 107
571 386
573 197
575 287
575 302
575 317
575 332
575 347
576 212
576 227
576 242
576 257
576 272
578 152
578 392
580 122
580 422
580 437
581 137
581 167
581 182
581 362
581 377
581 407
586 106
586 444
588 197
590 287
590 302
590 317
590 332
590 347
591 212
591 227
591 242
591 257
591 272
593 152
593 392
595 121
595 422
595 437
596 137
596 166
596 181
596 362
596 377
596 407
601 107
602 196
602 218
602 252
604 439
605 283
605 306
605 320
605 343
606 203
606 234
606 268
608 154
608 392
620 306
620 341
621 202
621 234
621 268
622 138
623 153
623 217
623 383
623 398
625 249
625 283
625 298
625 320
626 168
626 413
627 371
628 187
628 356
633 234
633 271
633 343
636 197
637 137
638 152
638 397
641 411
644 159
646 385
