2904
279 203
279 204
279 205
279 206
279 207
280 208
281 209
282 210
283 211
284 212
285 213
286 213
287 213
288 213
289 213
289 214
290 213
288 215
291 212
291 214
287 216
292 211
292 215
286 217
293 210
293 216
285 218
294 209
294 217
284 219
295 208
295 218
283 220
296 207
296 219
282 221
297 206
297 220
281 222
298 205
298 221
280 223
299 204
299 222
279 224
300 203
300 223
278 225
301 202
301 224
277 226
302 201
302 225
276 227
303 200
302 226
275 228
304 199
302 227
275 229
304 198
302 228
275 230
304 197
302 229
275 231
304 196
302 230
275 232
304 195
275 233
304 194
275 234
304 193
305 193
275 235
304 192
306 194
275 236
307 195
274 237
308 196
273 238
309 197
272 239
310 198
271 239
272 240
273 240
311 199
270 239
272 241
274 241
311 200
269 238
271 242
275 242
311 201
268 237
270 243
276 243
311 202
267 236
269 244
277 244
311 203
266 235
268 245
278 245
311 204
265 234
267 246
279 246
311 205
264 233
266 247
280 247
311 206
263 232
265 248
281 248
311 207
262 231
264 249
282 248
311 208
312 208
261 230
263 250
283 248
311 209
312 209
313 207
313 209
260 229
262 251
284 248
314 206
314 209
259 228
261 252
285 248
315 205
315 209
258 227
260 253
286 248
316 204
316 209
257 226
259 254
287 248
317 203
317 209
256 225
258 255
288 248
318 202
318 209
255 224
257 256
289 248
289 249
319 201
319 209
254 223
254 224
254 225
256 257
290 249
289 250
320 200
320 209
253 223
255 222
254 226
255 257
257 258
291 250
289 251
321 199
321 209
252 223
256 221
254 227
254 257
258 259
292 251
289 252
322 198
322 209
251 223
251 224
257 220
254 228
253 257
259 260
293 251
289 253
323 197
323 209
250 223
250 225
258 219
254 229
252 257
260 260
294 251
289 254
324 196
324 209
249 223
249 226
259 218
254 230
251 257
261 260
295 251
289 255
325 195
325 209
248 223
248 227
260 217
254 231
250 257
262 260
296 251
289 256
326 194
326 209
247 223
247 228
260 216
254 232
249 257
263 260
297 251
289 257
327 193
327 210
246 223
246 229
260 215
254 233
248 257
264 260
298 251
289 258
328 192
328 211
245 223
245 230
260 214
254 234
247 257
265 260
299 251
288 259
329 191
329 211
244 223
244 231
260 213
254 235
246 257
266 260
300 251
330 190
330 211
243 223
243 232
260 212
245 258
267 260
301 251
330 189
331 189
331 211
242 223
242 233
260 211
244 259
268 260
302 251
330 188
332 188
332 211
241 223
241 234
260 210
269 260
303 251
330 187
333 188
333 211
240 223
240 235
260 209
304 251
330 186
334 188
334 211
239 222
239 236
260 208
305 251
330 185
335 188
335 211
238 221
238 237
260 207
306 251
330 184
336 188
336 211
237 220
237 238
307 251
330 183
337 188
337 211
238 219
236 239
308 251
330 182
338 188
338 211
238 218
236 240
309 251
330 181
339 188
339 211
238 217
235 241
310 251
330 180
340 188
340 211
238 216
234 242
311 251
329 179
341 188
341 211
238 215
233 243
312 251
328 178
342 188
342 211
238 214
232 244
313 251
327 177
343 188
343 211
238 213
231 245
314 251
328 176
344 188
344 211
238 212
230 246
315 251
328 175
345 188
345 211
238 211
229 247
316 251
328 174
346 188
346 211
346 212
238 210
228 248
317 251
328 173
347 188
345 213
238 209
227 249
318 251
328 172
348 188
344 214
238 208
226 250
319 251
328 171
349 187
343 215
238 207
225 251
320 251
328 170
349 186
342 216
238 206
224 250
224 251
224 252
321 251
328 169
349 185
341 217
237 205
238 205
223 249
322 251
328 168
349 184
340 218
236 205
222 248
323 251
328 167
349 183
339 219
235 205
221 247
324 252
328 166
349 182
338 220
234 205
220 246
325 253
328 165
349 181
337 221
233 205
219 245
326 254
328 164
349 180
336 222
232 205
218 244
327 254
328 163
349 179
335 223
231 204
217 243
328 254
328 162
349 178
334 224
216 242
329 254
328 161
349 177
333 225
215 241
330 254
328 160
349 176
332 226
214 240
331 254
331 255
328 159
349 175
331 227
213 239
332 253
331 256
328 158
330 228
212 239
214 238
333 253
331 257
328 157
329 229
211 239
215 237
334 253
331 258
328 156
328 230
210 239
216 236
335 253
331 259
327 230
329 231
209 239
216 235
336 253
331 260
326 230
330 232
208 239
216 234
337 253
331 261
325 230
331 232
207 239
216 233
338 253
331 262
324 230
332 232
206 239
216 232
339 253
331 263
323 230
333 232
205 239
216 231
340 253
331 264
334 232
204 240
216 230
341 253
331 265
335 232
203 241
216 229
342 253
331 266
336 232
202 242
216 228
343 253
331 267
337 232
201 243
216 227
344 253
331 268
338 232
200 242
200 243
200 244
216 226
345 253
331 269
339 232
200 241
199 244
216 225
346 253
331 270
340 232
199 240
198 244
216 224
347 253
330 271
341 232
198 239
197 244
216 223
348 253
330 272
342 232
197 238
196 244
349 253
330 273
343 232
196 237
195 245
350 253
330 274
344 232
195 236
194 246
351 253
330 275
345 232
194 235
193 247
352 253
330 276
346 232
193 234
192 248
353 252
330 277
347 232
192 233
191 249
354 251
330 278
348 232
191 232
190 250
355 250
330 279
349 232
190 231
356 250
329 280
189 230
357 250
328 281
188 229
358 250
327 282
187 229
189 228
359 250
326 283
186 229
190 227
360 250
325 284
185 229
191 226
361 250
324 285
184 229
192 225
362 250
323 286
183 229
193 224
363 250
322 287
182 229
194 223
364 250
321 286
323 288
181 229
195 223
365 250
320 285
324 289
180 229
196 222
366 250
319 284
325 290
179 229
197 221
367 250
318 283
325 291
178 229
198 220
368 250
317 282
325 292
177 229
199 219
369 250
316 281
325 293
176 230
200 218
370 250
315 280
325 294
175 231
201 217
371 250
314 279
325 295
174 232
202 216
372 250
313 278
325 296
173 233
203 215
373 250
312 277
325 297
172 234
204 214
374 251
311 276
325 298
171 235
205 213
374 252
310 275
170 234
170 235
170 236
206 212
374 253
309 274
170 233
170 237
207 211
374 254
308 273
308 274
308 275
170 232
170 238
208 210
374 255
307 276
170 231
170 239
209 209
374 256
306 277
170 230
170 240
210 208
374 257
305 278
170 229
170 241
210 207
374 258
304 279
170 228
170 242
210 206
374 259
303 280
170 227
170 243
210 205
374 260
302 281
170 226
170 244
210 204
374 261
301 282
170 225
170 245
210 203
374 262
300 283
170 224
170 246
210 202
374 263
299 284
169 223
170 247
375 264
298 285
168 222
170 248
376 265
297 286
167 221
170 249
377 266
296 287
166 221
168 220
170 250
378 266
295 288
165 221
169 219
379 266
294 288
164 221
170 218
380 266
293 288
163 221
171 217
381 266
292 288
162 221
172 216
382 266
291 288
161 221
173 215
383 266
290 288
160 221
174 214
384 266
289 288
159 221
175 213
385 266
288 288
158 221
176 212
386 266
287 288
157 221
177 211
387 266
286 288
156 221
178 210
388 265
285 288
155 221
179 209
389 264
284 288
154 221
180 208
390 263
283 288
153 221
181 207
391 262
282 288
152 221
182 206
392 261
281 288
151 221
183 205
393 260
280 288
150 221
184 204
394 259
279 288
149 221
185 203
394 258
278 287
148 221
184 202
185 202
186 202
394 257
277 286
147 221
183 202
187 202
394 256
276 285
146 220
146 221
146 222
182 202
188 202
394 255
275 285
145 220
146 223
181 202
394 254
395 254
274 285
144 220
146 224
180 202
394 253
396 255
273 285
143 220
146 225
179 202
397 256
272 285
142 220
146 226
178 202
398 257
271 285
141 220
146 227
177 202
399 258
270 285
140 220
146 228
176 202
400 259
269 285
139 220
146 229
175 202
401 260
268 285
138 220
145 230
174 201
402 261
267 285
137 220
144 231
173 200
403 262
266 285
136 220
143 232
172 199
404 263
265 285
135 220
142 233
405 264
264 285
134 220
141 234
406 265
263 284
263 285
263 286
133 220
140 235
407 266
262 284
263 287
132 220
139 236
408 267
261 284
263 288
131 220
138 237
408 268
409 267
260 284
263 289
130 220
137 238
410 266
259 284
263 290
129 220
136 239
411 265
258 284
263 291
128 220
135 240
412 264
257 284
263 292
127 219
134 241
413 263
256 284
263 293
126 219
133 242
414 262
255 284
263 294
125 219
134 243
415 261
254 284
263 295
124 219
135 244
416 260
253 284
263 296
123 219
136 244
416 259
252 283
262 297
122 219
137 244
416 258
261 298
121 219
138 244
416 257
260 299
120 219
139 244
416 256
259 300
119 219
140 244
416 255
258 301
118 219
141 244
416 254
257 302
117 219
142 244
416 253
417 253
256 303
116 219
143 244
416 252
418 254
255 304
115 219
144 244
419 255
255 305
114 219
145 245
420 256
255 306
113 219
146 246
421 257
255 307
112 219
147 247
422 258
255 308
111 219
148 247
423 259
255 309
110 219
424 260
255 310
109 219
425 261
255 311
108 219
426 262
255 312
107 219
427 263
255 313
106 218
106 219
428 264
255 314
106 217
429 265
255 315
106 216
429 266
255 316
106 215
429 267
255 317
106 214
429 268
255 318
106 213
429 269
255 319
105 212
429 270
430 270
255 320
104 211
429 271
431 269
255 321
103 210
432 268
255 322
102 209
433 267
254 323
101 209
103 208
434 266
253 324
100 209
104 207
435 265
252 325
99 209
105 206
435 264
251 325
253 326
98 209
106 205
435 263
250 325
253 327
97 209
107 204
435 262
249 325
253 328
96 209
108 203
435 261
248 325
253 329
95 210
109 202
435 260
247 325
253 330
94 211
110 201
435 259
246 325
253 331
93 212
111 200
435 258
245 325
253 332
92 213
112 199
435 257
436 257
244 325
253 333
91 214
112 198
113 198
435 256
437 258
243 325
253 334
90 215
111 197
114 198
438 259
242 325
253 335
89 216
110 196
115 198
439 260
241 325
253 336
88 217
109 195
116 198
440 260
240 325
253 337
87 218
108 194
117 198
441 260
239 325
253 338
86 219
107 193
118 198
442 260
238 325
253 339
254 339
85 220
106 192
119 198
443 260
237 326
253 340
255 338
85 221
105 191
120 197
444 260
236 327
253 341
256 337
85 222
104 190
121 196
445 260
235 328
253 342
257 336
85 223
121 195
446 260
234 329
253 343
258 335
85 224
121 194
447 260
233 330
253 344
259 334
85 225
121 193
448 260
232 331
253 345
260 333
85 226
121 192
122 192
449 260
231 332
253 346
261 332
85 227
121 191
123 193
450 260
230 331
231 333
253 347
262 332
85 228
124 194
451 260
229 330
231 334
253 348
263 332
84 229
125 194
452 260
228 329
231 335
253 349
264 332
83 230
126 194
453 259
227 328
231 336
253 350
265 332
82 231
127 194
454 258
226 327
231 337
253 351
266 332
81 232
128 194
455 257
225 326
230 338
253 352
267 332
80 233
129 194
456 256
224 325
229 339
253 353
268 332
79 234
130 194
457 255
223 324
228 340
253 354
269 332
78 235
131 194
458 254
227 341
253 355
270 332
77 236
132 194
459 253
226 342
253 356
271 332
76 237
133 194
460 252
225 343
253 357
272 332
75 238
134 194
461 251
224 344
253 358
273 332
74 239
135 194
462 251
223 345
253 359
274 331
274 333
73 240
136 194
463 251
222 346
253 360
275 331
275 334
72 240
74 241
137 194
464 251
221 347
252 361
276 331
275 335
71 240
75 241
138 194
465 251
220 348
277 331
275 336
70 240
76 241
139 194
466 250
219 349
278 331
275 337
69 239
77 241
140 194
467 249
218 349
220 350
279 331
275 338
68 238
78 241
141 194
468 248
217 349
221 351
280 331
275 339
67 237
79 241
142 194
469 247
216 349
222 352
281 331
275 340
66 236
80 241
143 195
470 246
215 349
223 353
282 331
275 341
65 235
81 241
144 196
471 245
214 349
224 353
283 331
275 342
64 234
82 241
145 197
472 244
213 349
225 353
284 331
275 343
63 233
83 241
146 197
473 243
212 349
226 353
285 331
275 344
62 232
84 241
147 197
474 242
211 349
227 353
286 331
275 345
61 232
85 241
148 197
475 241
210 349
228 353
287 331
275 346
60 232
86 241
149 197
476 240
209 349
229 353
288 331
275 347
59 232
87 241
477 239
208 349
289 331
275 348
58 232
88 241
478 238
207 349
290 331
275 349
57 232
89 241
479 237
206 349
291 331
276 350
56 232
90 241
480 237
205 349
292 331
277 351
55 232
91 241
481 237
204 349
293 331
278 352
54 232
92 241
482 237
203 349
294 331
279 353
53 232
93 241
483 237
202 349
295 331
280 354
52 233
94 241
484 237
201 349
296 331
281 355
51 234
95 240
485 236
485 238
200 348
297 331
282 356
50 235
96 240
486 235
486 239
199 347
298 331
282 357
49 236
97 240
487 234
486 240
198 346
299 331
282 358
48 237
98 240
488 233
486 241
197 345
300 330
300 332
282 359
47 237
99 240
489 232
486 242
196 344
301 329
301 333
282 360
46 237
100 240
490 231
486 243
195 344
302 328
302 334
282 361
45 237
101 240
491 230
486 244
194 344
303 327
303 335
282 362
44 237
102 240
492 229
486 245
193 344
304 326
304 336
282 363
43 237
103 240
493 228
486 246
192 344
305 325
305 337
282 364
42 237
104 240
494 228
487 247
191 344
306 324
306 338
282 365
41 237
105 240
495 228
488 248
190 344
307 323
307 339
283 366
40 237
106 240
496 228
489 249
189 344
308 322
308 340
284 367
39 237
107 240
497 228
490 249
188 344
309 321
309 341
285 368
38 237
108 240
498 228
491 249
187 344
310 321
310 342
286 369
37 236
109 240
499 228
492 249
186 344
311 321
311 342
287 369
36 235
110 240
500 228
493 249
185 344
312 320
312 321
312 342
288 369
35 234
501 227
494 249
184 344
311 319
313 321
313 342
289 369
34 233
502 226
495 249
183 344
310 318
314 321
314 342
290 369
33 232
503 225
496 249
182 344
309 317
315 321
315 342
291 369
32 231
504 224
497 249
181 344
308 316
316 321
316 342
292 369
31 230
505 223
498 249
180 344
307 315
317 321
293 369
30 229
506 222
499 249
179 344
306 314
318 321
294 369
31 228
507 221
500 248
500 250
178 344
305 313
319 321
295 369
32 227
508 220
501 247
501 251
177 344
304 312
296 369
33 226
509 219
502 246
502 252
176 343
303 311
297 369
34 225
510 218
503 245
503 253
175 342
302 310
298 369
35 224
511 217
504 244
504 254
176 341
301 309
299 369
36 223
512 216
505 244
504 255
177 340
300 309
300 369
37 222
513 215
506 244
504 256
177 339
299 309
301 369
38 221
514 214
507 244
504 257
177 338
298 309
302 369
39 220
515 213
508 244
504 258
177 337
297 309
303 369
40 219
516 212
509 244
504 259
177 336
296 309
304 368
41 218
517 211
510 244
504 260
177 335
295 309
305 367
42 217
518 210
511 244
504 261
177 334
294 309
306 366
41 216
42 216
43 216
518 209
512 244
504 262
177 333
293 309
307 365
40 216
518 208
504 263
177 332
292 309
308 364
39 216
518 207
503 264
504 264
177 331
291 309
308 363
309 364
38 215
518 206
502 264
505 265
177 330
290 309
310 365
37 214
518 205
501 264
506 266
177 329
289 309
311 366
36 213
518 204
500 264
507 267
177 328
288 309
312 367
35 212
519 203
499 264
508 268
177 327
287 309
313 368
34 211
519 202
498 264
509 269
177 326
286 309
314 369
33 210
519 201
497 264
510 270
177 325
285 309
315 370
32 209
519 200
496 264
511 270
177 324
284 309
316 370
31 208
519 199
495 264
512 270
177 323
283 309
30 207
519 198
494 264
513 270
178 322
282 309
29 206
519 197
493 264
514 270
178 321
281 309
28 205
519 196
492 265
515 270
178 320
280 309
29 204
519 195
491 266
516 270
178 319
279 309
30 203
519 194
490 267
517 270
178 318
278 310
30 202
519 193
490 268
518 270
178 317
30 201
519 192
490 269
519 270
178 316
179 316
30 200
519 191
490 270
520 270
178 315
180 317
30 199
519 190
490 271
521 270
181 318
30 198
519 189
490 272
522 270
182 319
30 197
519 188
490 273
523 270
523 271
183 320
30 196
519 187
490 274
523 272
184 321
30 195
520 186
490 275
523 273
185 322
30 194
521 185
490 276
523 274
186 323
30 193
522 184
490 277
523 275
187 323
31 192
523 183
490 278
523 276
188 323
32 191
524 182
490 279
522 277
189 323
33 191
525 181
490 280
521 278
190 323
34 191
526 180
490 281
520 279
191 323
35 191
527 179
489 282
519 280
192 323
36 191
528 178
488 283
518 281
193 323
37 191
529 177
517 282
194 323
38 191
530 176
516 283
195 323
39 191
531 175
515 284
196 323
40 191
532 174
514 285
197 323
41 191
533 173
515 286
198 323
42 191
533 172
516 287
199 323
43 190
43 191
533 171
517 288
43 189
533 170
518 288
43 188
533 169
519 288
43 187
533 168
520 288
43 186
533 167
521 288
42 185
533 166
522 288
41 184
533 165
523 288
40 183
533 164
39 182
533 163
38 181
533 162
37 180
533 161
36 179
533 160
35 178
533 159
34 177
533 158
33 176
533 157
32 175
533 156
31 174
533 155
30 173
533 154
31 172
533 153
32 171
533 152
33 170
533 151
34 170
533 150
35 170
533 149
36 170
533 148
37 170
532 147
38 170
531 146
39 170
530 145
40 170
529 144
41 170
528 143
42 170
527 142
43 170
526 141
44 170
525 140
45 170
524 139
46 170
523 138
47 169
47 170
522 137
46 168
48 170
521 136
45 167
49 170
521 135
44 166
50 171
521 134
43 165
51 172
521 133
42 164
52 173
521 132
41 163
53 174
521 131
40 162
54 175
521 130
39 161
55 176
520 129
38 160
56 177
519 128
37 159
57 178
518 127
36 158
58 179
517 126
35 157
59 180
516 125
34 156
60 181
515 124
33 155
61 182
514 123
32 154
62 183
513 122
31 153
63 184
512 121
30 152
64 185
511 120
30 151
65 186
510 119
30 150
66 186
509 119
30 149
67 187
508 119
30 148
68 188
507 119
30 147
69 189
506 119
30 146
70 190
505 119
30 145
71 191
504 119
30 144
72 192
503 119
30 143
73 193
502 119
30 142
74 194
501 119
30 141
75 195
500 118
30 140
76 195
76 196
499 117
30 139
77 195
75 197
498 116
31 138
78 195
74 198
497 115
32 137
79 195
73 199
496 114
33 136
80 195
72 200
495 113
34 135
81 195
71 201
494 112
35 134
82 194
70 202
493 111
36 133
83 193
69 203
492 110
37 132
83 192
68 204
38 131
83 191
67 205
39 130
83 190
66 206
40 129
83 189
65 207
41 128
83 188
64 208
42 127
83 187
43 127
83 186
44 126
44 127
83 185
43 125
45 127
83 184
42 124
46 127
83 183
41 123
47 127
83 182
40 122
48 127
83 181
39 121
49 127
83 180
38 120
50 128
83 179
37 119
51 129
36 118
52 130
35 117
53 131
34 117
35 116
36 116
54 132
33 117
35 115
37 115
54 133
32 117
35 114
38 114
54 134
31 117
35 113
39 113
54 135
30 118
35 112
40 112
54 136
35 111
41 111
54 137
35 110
42 110
54 138
35 109
43 109
54 139
35 108
44 108
35 107
45 107
34 106
46 106
33 105
47 105
32 104
48 105
31 103
49 105
30 102
50 105
29 101
51 105
28 100
52 105
27 99
26 98
27 97
28 96
29 95
30 94
31 93
31 92
31 91
31 90
31 89
31 88
31 87
31 86
31 85
32 84
33 84
34 84
35 84
36 84
37 84
38 84
39 84
40 84
41 84
42 84
43 84
44 84
45 84
46 84
47 84
48 84
49 83
49 84
49 82
50 83
50 85
48 81
51 82
51 85
47 80
52 81
52 85
46 79
53 80
53 85
45 78
54 79
54 85
44 77
55 78
55 85
43 76
56 77
56 85
42 75
57 76
57 85
41 74
58 75
58 85
40 73
59 74
59 85
39 72
60 73
60 85
38 71
61 72
61 85
37 70
62 71
62 85
36 69
63 70
63 85
35 68
64 69
64 85
34 67
65 68
65 85
33 66
66 67
66 85
32 65
67 66
31 64
67 65
68 66
32 63
69 67
33 62
70 67
34 62
71 67
35 62
72 67
36 62
73 67
37 62
74 67
38 62
75 67
39 62
76 67
40 62
77 67
41 62
78 67
42 62
79 67
43 62
80 67
44 62
81 67
45 62
82 67
83 67
84 67
85 67
86 67
87 67
88 67
89 68
89 69
89 70
89 71
89 72
89 73
89 74
89 75
89 76
89 77
89 78
89 79
89 80
89 81
89 82
90 83
91 84
92 84
93 84
94 84
95 84
96 84
97 84
98 84
99 84
100 84
101 84
102 84
103 84
104 84
105 84
106 84
107 83
107 85
108 82
108 86
109 81
109 86
109 80
110 86
109 79
111 86
109 78
112 86
109 77
113 86
109 76
114 86
109 75
115 86
109 74
116 86
109 73
117 86
109 72
118 86
109 71
119 86
109 70
120 86
121 86
122 85
123 84
124 83
125 82
126 81
127 80
128 79
129 78
129 77
129 76
129 75
129 74
129 73
129 72
130 72
129 71
131 73
132 74
133 75
134 75
135 75
136 75
137 75
138 75
139 75
140 75
141 75
142 75
143 75
144 75
145 75
145 76
145 77
145 78
145 79
145 80
145 81
145 82
145 83
145 84
145 85
145 86
145 87
145 88
145 89
145 90
144 91
143 92
144 93
145 94
146 94
147 94
148 94
149 94
150 94
151 94
152 94
153 94
154 94
155 94
156 94
157 93
157 95
158 92
158 96
159 91
159 96
160 90
160 96
161 89
161 96
162 88
162 96
163 87
163 96
164 86
164 96
165 85
165 96
166 84
166 96
166 83
167 96
166 82
168 96
166 81
169 96
166 80
170 96
166 79
171 96
166 78
172 96
166 77
173 96
174 95
175 94
176 93
177 92
178 91
179 90
180 89
181 88
182 88
183 88
184 88
185 88
186 87
186 89
187 86
187 90
187 85
188 91
187 84
189 92
187 83
190 93
187 82
191 94
187 81
192 95
187 80
193 96
187 79
194 97
195 98
196 99
197 100
198 100
199 100
200 100
201 100
202 100
203 100
204 100
205 99
206 98
207 97
208 96
208 95
208 94
208 93
208 92
208 91
208 90
208 89
208 88
208 87
208 86
208 85
208 84
208 83
209 83
208 82
210 84
211 85
212 86
213 87
214 88
215 89
216 90
217 91
218 92
219 93
220 94
221 95
222 96
223 97
223 98
223 99
224 99
223 100
225 98
226 97
227 96
228 95
229 94
229 93
229 92
229 91
229 90
229 89
229 88
229 87
229 86
229 85
230 85
229 84
231 86
232 87
233 87
234 87
235 87
236 87
237 87
238 87
239 87
240 87
241 87
242 87
243 87
244 87
245 87
246 87
247 87
248 87
249 88
250 89
251 90
252 91
253 92
254 93
255 94
256 95
257 96
258 97
259 98
260 99
261 100
262 101
262 102
262 103
263 103
261 104
262 104
264 102
260 104
265 101
259 104
266 100
258 104
267 99
257 104
268 98
256 104
269 97
255 104
269 96
254 104
269 95
253 104
269 94
252 104
269 93
251 104
269 92
250 104
269 91
249 104
269 90
248 104
269 89
270 89
247 104
269 88
271 90
246 105
272 90
273 90
274 90
275 90
276 90
277 90
278 90
279 90
280 90
281 90
282 90
283 90
284 90
285 90
286 90
287 90
288 91
289 92
290 93
291 93
292 93
293 93
294 93
295 93
296 93
297 93
298 93
299 93
300 93
301 93
301 94
302 93
300 95
303 94
299 96
304 94
298 97
305 94
297 98
306 94
296 99
307 94
295 100
308 94
294 101
309 94
293 102
310 94
292 103
311 94
291 104
290 105
289 106
288 107
289 108
290 109
291 110
292 111
293 112
294 113
295 113
296 113
297 113
298 113
299 113
300 113
301 113
302 113
303 113
304 113
305 113
306 113
307 113
308 114
309 114
310 114
311 114
312 114
313 114
314 114
315 114
316 114
317 114
318 114
318 115
319 113
319 115
318 116
320 112
320 116
318 117
321 111
321 117
318 118
322 110
322 117
318 119
323 109
323 117
318 120
324 108
324 117
317 121
325 107
325 117
316 122
326 106
326 117
315 123
327 105
327 117
314 124
328 104
328 117
313 125
329 103
329 117
312 126
330 102
330 117
311 127
331 101
331 117
331 118
310 128
332 100
332 118
331 119
309 129
332 99
333 119
331 120
308 130
332 98
334 119
331 121
307 131
332 97
333 97
335 119
331 122
306 132
332 96
334 98
336 119
331 123
305 133
335 98
337 119
331 124
305 134
336 98
338 119
331 125
305 135
337 98
339 119
331 126
305 136
338 98
340 119
331 127
305 137
339 98
341 119
331 128
305 138
340 98
342 119
331 129
305 139
341 98
343 119
331 130
305 140
342 98
344 119
331 131
305 141
343 98
345 119
331 132
305 142
344 98
346 119
331 133
305 143
345 98
347 119
330 134
305 144
346 98
348 119
329 135
305 145
347 98
349 119
330 136
305 146
348 98
350 119
331 137
305 147
349 98
351 119
332 138
304 148
350 98
352 119
333 139
303 149
351 98
334 140
304 150
352 98
335 141
305 151
336 142
305 152
337 143
305 153
338 144
305 154
339 145
305 155
340 146
305 156
341 147
305 157
342 148
305 158
343 149
305 159
344 150
305 160
345 151
305 161
346 152
305 162
347 153
305 163
348 154
305 164
349 154
305 165
350 153
305 166
351 152
305 167
352 151
305 168
352 150
352 149
352 148
352 147
352 146
352 145
352 144
352 143
352 142
352 141
187
26 98
28 205
30 118
30 139
30 152
30 173
30 193
30 229
31 64
31 85
35 117
43 191
43 216
45 62
48 237
49 84
49 127
49 170
52 105
54 139
62 232
64 208
66 85
66 186
67 65
73 240
81 195
83 179
85 220
88 67
89 82
94 241
102 209
104 190
106 84
106 219
109 70
110 240
119 198
121 86
121 191
127 219
129 71
133 242
142 194
143 92
144 244
145 75
146 220
148 247
149 197
156 94
166 77
167 221
170 236
170 250
172 199
173 96
175 342
177 323
178 315
185 88
187 79
188 202
188 229
190 250
195 223
196 344
199 323
200 244
204 100
208 82
210 202
213 239
216 223
219 349
223 100
223 324
224 252
229 84
229 353
231 204
231 332
236 239
237 220
238 205
244 259
246 105
248 87
252 283
252 325
252 361
253 340
254 223
254 235
255 304
256 257
260 207
262 104
263 284
269 88
269 260
272 239
273 332
275 228
275 349
276 285
278 310
281 209
282 365
283 331
287 90
287 309
288 107
288 259
289 248
290 213
295 288
299 331
301 309
302 93
302 230
303 149
303 369
304 192
305 133
305 168
307 113
308 251
308 273
308 363
311 94
311 209
316 342
316 370
318 114
319 321
322 287
323 230
323 251
325 298
326 209
327 177
328 156
328 230
329 135
330 190
330 271
331 117
331 254
332 96
346 211
348 188
349 154
349 175
349 232
352 98
352 119
352 141
352 253
373 250
374 263
387 266
394 253
408 268
416 252
429 271
435 256
452 260
465 251
484 237
486 246
488 283
490 267
492 110
499 249
500 228
504 264
510 119
512 244
514 285
518 204
519 187
521 136
523 270
523 288
533 173
